0 info it worked if it ends with ok
1 verbose cli [ '/home/developer/.nvm/versions/node/v7.6.0/bin/node',
1 verbose cli   '/home/developer/.nvm/versions/node/v7.6.0/bin/npm',
1 verbose cli   'run',
1 verbose cli   'dev' ]
2 info using npm@4.1.2
3 info using node@v7.6.0
4 verbose run-script [ 'predev', 'dev', 'postdev' ]
5 info lifecycle magento2-storelocator@1.0.0~predev: magento2-storelocator@1.0.0
6 silly lifecycle magento2-storelocator@1.0.0~predev: no script for predev, continuing
7 info lifecycle magento2-storelocator@1.0.0~dev: magento2-storelocator@1.0.0
8 verbose lifecycle magento2-storelocator@1.0.0~dev: unsafe-perm in lifecycle true
9 verbose lifecycle magento2-storelocator@1.0.0~dev: PATH: /home/developer/.nvm/versions/node/v7.6.0/lib/node_modules/npm/bin/node-gyp-bin:/home/developer/www-docker/peterjacksons.dev/app/code/Light4website/StoreLocator/view/frontend/preact/node_modules/.bin:/home/developer/.nvm/versions/node/v7.6.0/bin:/home/developer/bin:/home/developer/.local/bin:/usr/local/sbin:/usr/local/bin:/usr/sbin:/usr/bin:/sbin:/bin:/usr/games:/usr/local/games:/snap/bin
10 verbose lifecycle magento2-storelocator@1.0.0~dev: CWD: /home/developer/www-docker/peterjacksons.dev/app/code/Light4website/StoreLocator/view/frontend/preact
11 silly lifecycle magento2-storelocator@1.0.0~dev: Args: [ '-c', 'webpack --watch' ]
12 info lifecycle magento2-storelocator@1.0.0~dev: Failed to exec dev script
13 verbose stack Error: magento2-storelocator@1.0.0 dev: `webpack --watch`
13 verbose stack spawn ENOENT
13 verbose stack     at ChildProcess.<anonymous> (/home/developer/.nvm/versions/node/v7.6.0/lib/node_modules/npm/lib/utils/spawn.js:33:16)
13 verbose stack     at emitTwo (events.js:106:13)
13 verbose stack     at ChildProcess.emit (events.js:192:7)
13 verbose stack     at maybeClose (internal/child_process.js:890:16)
13 verbose stack     at Process.ChildProcess._handle.onexit (internal/child_process.js:226:5)
14 verbose pkgid magento2-storelocator@1.0.0
15 verbose cwd /home/developer/www-docker/peterjacksons.dev/app/code/Light4website/StoreLocator/view/frontend/preact
16 error Linux 4.8.0-45-generic
17 error argv "/home/developer/.nvm/versions/node/v7.6.0/bin/node" "/home/developer/.nvm/versions/node/v7.6.0/bin/npm" "run" "dev"
18 error node v7.6.0
19 error npm  v4.1.2
20 error file sh
21 error code ELIFECYCLE
22 error errno ENOENT
23 error syscall spawn
24 error magento2-storelocator@1.0.0 dev: `webpack --watch`
24 error spawn ENOENT
25 error Failed at the magento2-storelocator@1.0.0 dev script 'webpack --watch'.
25 error Make sure you have the latest version of node.js and npm installed.
25 error If you do, this is most likely a problem with the magento2-storelocator package,
25 error not with npm itself.
25 error Tell the author that this fails on your system:
25 error     webpack --watch
25 error You can get information on how to open an issue for this project with:
25 error     npm bugs magento2-storelocator
25 error Or if that isn't available, you can get their info via:
25 error     npm owner ls magento2-storelocator
25 error There is likely additional logging output above.
26 verbose exit [ 1, true ]
