[2018-05-24 11:28:48] main.DEBUG: START UPDATE PROCESS {"is_exception":false} []
[2018-05-24 11:28:48] main.DEBUG: Quantity of products: 4043 {"is_exception":false} []
[2018-05-24 11:28:48] main.DEBUG: Not found attribute for: Amies Stone Glen Check-108RG {"is_exception":false} []
[2018-05-24 11:28:48] main.DEBUG: Not found attribute for: Amies Stone Glen Check-112RG {"is_exception":false} []
[2018-05-24 11:28:48] main.DEBUG: Not found attribute for: Ali Sky Blue Stripe-38 {"is_exception":false} []
[2018-05-24 11:28:48] main.DEBUG: Not found attribute for: Ali Sky Blue Stripe-39 {"is_exception":false} []
[2018-05-24 11:28:48] main.DEBUG: Not found attribute for: Ali Sky Blue Stripe-40 {"is_exception":false} []
[2018-05-24 11:28:48] main.DEBUG: Not found attribute for: Ali Sky Blue Stripe-41 {"is_exception":false} []
[2018-05-24 11:28:48] main.DEBUG: Not found attribute for: Ali Sky Blue Stripe-42 {"is_exception":false} []
[2018-05-24 11:28:48] main.DEBUG: Not found attribute for: Ali Sky Blue Stripe-43 {"is_exception":false} []
[2018-05-24 11:28:48] main.DEBUG: Not found attribute for: Ali Sky Blue Stripe-44 {"is_exception":false} []
[2018-05-24 11:28:48] main.DEBUG: Not found attribute for: Ali Sky Blue Stripe-46 {"is_exception":false} []
[2018-05-24 11:28:48] main.DEBUG: Not found attribute for: Ali Chocolate Plaid Check-44 {"is_exception":false} []
[2018-05-24 11:28:48] main.DEBUG: Not found attribute for: Ali Chocolate Plaid Check-46 {"is_exception":false} []
[2018-05-24 11:28:48] main.DEBUG: Not found attribute for: Ali Scarlet Plaid Check-43 {"is_exception":false} []
[2018-05-24 11:28:48] main.DEBUG: Not found attribute for: Ali Scarlet Plaid Check-44 {"is_exception":false} []
[2018-05-24 11:28:48] main.DEBUG: Not found attribute for: Ali Rust Red Twill-43 {"is_exception":false} []
[2018-05-24 11:28:49] main.DEBUG: Not found attribute for: Ali Thick Amber Plaid-40 {"is_exception":false} []
[2018-05-24 11:28:49] main.DEBUG: Not found attribute for: Ali Thick Amber Plaid-41 {"is_exception":false} []
[2018-05-24 11:28:49] main.DEBUG: Not found attribute for: Ali Thick Amber Plaid-43 {"is_exception":false} []
[2018-05-24 11:28:49] main.DEBUG: Not found attribute for: Ali Thick Amber Plaid-46 {"is_exception":false} []
[2018-05-24 11:28:49] main.DEBUG: Not found attribute for: Ali Broad Plaid Check-44 {"is_exception":false} []
[2018-05-24 11:28:49] main.DEBUG: Not found attribute for: Ali Broad Plaid Check-46 {"is_exception":false} []
[2018-05-24 11:28:49] main.DEBUG: Not found attribute for: Ali Midnight Black Poplin-43 {"is_exception":false} []
[2018-05-24 11:28:49] main.DEBUG: Not found attribute for: Ali Midnight Black Poplin-45 {"is_exception":false} []
[2018-05-24 11:28:49] main.DEBUG: Not found attribute for: Ali Midnight Black Poplin-46 {"is_exception":false} []
[2018-05-24 11:28:49] main.DEBUG: Not found attribute for: Ornate Moss Green Paisley {"is_exception":false} []
[2018-05-24 11:28:49] main.DEBUG: Not found attribute for: Navy Bold Stripe {"is_exception":false} []
[2018-05-24 11:28:49] main.DEBUG: Not found attribute for: Pistachio Green Diamond Check {"is_exception":false} []
[2018-05-24 11:28:49] main.DEBUG: Not found attribute for: Forest Green Diamond Check {"is_exception":false} []
[2018-05-24 11:28:49] main.DEBUG: Not found attribute for: Royal Blue Madras {"is_exception":false} []
[2018-05-24 11:28:49] main.DEBUG: Not found attribute for: Amies Stone Glen Check-116RG {"is_exception":false} []
[2018-05-24 11:28:49] main.DEBUG: Not found attribute for: Amies Stone Glen Check-88SH {"is_exception":false} []
[2018-05-24 11:28:49] main.DEBUG: Not found attribute for: Amies Stone Glen Check-92SH {"is_exception":false} []
[2018-05-24 11:28:49] main.DEBUG: Not found attribute for: Amies Stone Glen Check-96SH {"is_exception":false} []
[2018-05-24 11:28:49] main.DEBUG: Not found attribute for: Amies Stone Glen Check-100SH {"is_exception":false} []
[2018-05-24 11:28:49] main.DEBUG: Not found attribute for: Amies Stone Glen Check-104SH {"is_exception":false} []
[2018-05-24 11:28:49] main.DEBUG: Not found attribute for: Amies Stone Glen Check-108SH {"is_exception":false} []
[2018-05-24 11:28:50] main.DEBUG: Not found attribute for: Amies Stone Glen Check-112SH {"is_exception":false} []
[2018-05-24 11:28:50] main.DEBUG: Not found attribute for: Amies Stone Glen Check-96LG {"is_exception":false} []
[2018-05-24 11:28:50] main.DEBUG: Not found attribute for: Amies Stone Glen Check-100LG {"is_exception":false} []
[2018-05-24 11:28:50] main.DEBUG: Not found attribute for: Amies Stone Glen Check-104LG {"is_exception":false} []
[2018-05-24 11:28:50] main.DEBUG: Not found attribute for: Amies Stone Glen Check-108LG {"is_exception":false} []
[2018-05-24 11:28:50] main.DEBUG: Not found attribute for: Amies Stone Glen Check-112LG {"is_exception":false} []
[2018-05-24 11:28:50] main.DEBUG: Not found attribute for: Amies Stone Glen Check-116LG {"is_exception":false} []
[2018-05-24 11:28:50] main.DEBUG: Not found attribute for: Ornate Iris Paisley {"is_exception":false} []
[2018-05-24 11:28:50] main.DEBUG: Not found attribute for: Ornate Chocolate Paisley {"is_exception":false} []
[2018-05-24 11:28:50] main.DEBUG: Not found attribute for: Rustic Lilac Floral {"is_exception":false} []
[2018-05-24 11:28:50] main.DEBUG: Not found attribute for: Fuchsia Houndstooth {"is_exception":false} []
[2018-05-24 11:28:50] main.DEBUG: Not found attribute for: Ornate Plum Paisley {"is_exception":false} []
[2018-05-24 11:28:50] main.DEBUG: Not found attribute for: Black Bold Stripe {"is_exception":false} []
[2018-05-24 11:28:50] main.DEBUG: Not found attribute for: Micro Pistacchio Crosshatch {"is_exception":false} []
[2018-05-24 11:28:50] main.DEBUG: Not found attribute for: Ornate Rustic Blue Paisley {"is_exception":false} []
[2018-05-24 11:28:50] main.DEBUG: Not found attribute for: Ornate Rustic Cedar Paisley {"is_exception":false} []
[2018-05-24 11:28:50] main.DEBUG: Not found attribute for: Fuchsia Heavy Pattern {"is_exception":false} []
[2018-05-24 11:28:50] main.DEBUG: Not found attribute for: Teal Cross Check {"is_exception":false} []
[2018-05-24 11:28:50] main.DEBUG: Not found attribute for: Golden Crosshatch {"is_exception":false} []
[2018-05-24 11:28:50] main.DEBUG: Not found attribute for: Candy Red Diamond Check {"is_exception":false} []
[2018-05-24 11:28:50] main.DEBUG: Not found attribute for: Charcoal Ornate Paisley {"is_exception":false} []
[2018-05-24 11:28:50] main.DEBUG: Not found attribute for: Ornate Mulberry Paisley {"is_exception":false} []
[2018-05-24 11:28:50] main.DEBUG: Not found attribute for: Royal Blue Geo Pattern {"is_exception":false} []
[2018-05-24 11:28:50] main.DEBUG: Not found attribute for: Verdant Green Madras {"is_exception":false} []
[2018-05-24 11:28:50] main.DEBUG: Not found attribute for: Purple Diamond Check {"is_exception":false} []
[2018-05-24 11:28:50] main.DEBUG: Not found attribute for: Moss Diamond Check {"is_exception":false} []
[2018-05-24 11:28:50] main.DEBUG: Not found attribute for: Ornate Burnt Orange Paisley {"is_exception":false} []
[2018-05-24 11:28:50] main.DEBUG: Not found attribute for: Lilac Geo Pattern {"is_exception":false} []
[2018-05-24 11:28:50] main.DEBUG: Not found attribute for: Amies Hazel Prince of Wales -92RG {"is_exception":false} []
[2018-05-24 11:28:50] main.DEBUG: Not found attribute for: Amies Hazel Prince of Wales -96RG {"is_exception":false} []
[2018-05-24 11:28:50] main.DEBUG: Not found attribute for: Amies Hazel Prince of Wales -100RG {"is_exception":false} []
[2018-05-24 11:28:50] main.DEBUG: Not found attribute for: Amies Hazel Prince of Wales -104RG {"is_exception":false} []
[2018-05-24 11:28:50] main.DEBUG: Not found attribute for: Amies Hazel Prince of Wales -108RG {"is_exception":false} []
[2018-05-24 11:28:50] main.DEBUG: Not found attribute for: Amies Hazel Prince of Wales -112RG {"is_exception":false} []
[2018-05-24 11:28:50] main.DEBUG: Not found attribute for: Amies Hazel Prince of Wales -116RG {"is_exception":false} []
[2018-05-24 11:28:50] main.DEBUG: Not found attribute for: Amies Hazel Prince of Wales -92SH {"is_exception":false} []
[2018-05-24 11:28:50] main.DEBUG: Not found attribute for: Amies Hazel Prince of Wales -96SH {"is_exception":false} []
[2018-05-24 11:28:50] main.DEBUG: Not found attribute for: Amies Hazel Prince of Wales -100SH {"is_exception":false} []
[2018-05-24 11:28:50] main.DEBUG: Not found attribute for: Amies Hazel Prince of Wales -104SH {"is_exception":false} []
[2018-05-24 11:28:50] main.DEBUG: Not found attribute for: Amies Hazel Prince of Wales -108SH {"is_exception":false} []
[2018-05-24 11:28:50] main.DEBUG: Not found attribute for: Amies Hazel Prince of Wales -112SH {"is_exception":false} []
[2018-05-24 11:28:50] main.DEBUG: Not found attribute for: Kingsman Navy Prince of Wales-92RG {"is_exception":false} []
[2018-05-24 11:28:50] main.DEBUG: Not found attribute for: Kingsman Navy Prince of Wales-96RG {"is_exception":false} []
[2018-05-24 11:28:50] main.DEBUG: Not found attribute for: Kingsman Navy Prince of Wales-100RG {"is_exception":false} []
[2018-05-24 11:28:50] main.DEBUG: Not found attribute for: Kingsman Navy Prince of Wales-104RG {"is_exception":false} []
[2018-05-24 11:28:50] main.DEBUG: Not found attribute for: Kingsman Navy Prince of Wales-108RG {"is_exception":false} []
[2018-05-24 11:28:50] main.DEBUG: Not found attribute for: Kingsman Navy Prince of Wales-112RG {"is_exception":false} []
[2018-05-24 11:28:50] main.DEBUG: Not found attribute for: Kingsman Navy Prince of Wales-92SH {"is_exception":false} []
[2018-05-24 11:28:50] main.DEBUG: Not found attribute for: Kingsman Navy Prince of Wales-96SH {"is_exception":false} []
[2018-05-24 11:28:50] main.DEBUG: Not found attribute for: Kingsman Navy Prince of Wales-100SH {"is_exception":false} []
[2018-05-24 11:28:50] main.DEBUG: Not found attribute for: Kingsman Navy Prince of Wales-104SH {"is_exception":false} []
[2018-05-24 11:28:50] main.DEBUG: Not found attribute for: Kingsman Navy Prince of Wales-108SH {"is_exception":false} []
[2018-05-24 11:28:50] main.DEBUG: Not found attribute for: Kingsman Navy Prince of Wales-112SH {"is_exception":false} []
[2018-05-24 11:28:50] main.DEBUG: Not found attribute for: Bradley Navy Windowpane-92RG {"is_exception":false} []
[2018-05-24 11:28:50] main.DEBUG: Not found attribute for: Bradley Navy Windowpane-96RG {"is_exception":false} []
[2018-05-24 11:28:50] main.DEBUG: Not found attribute for: Bradley Navy Windowpane-100RG {"is_exception":false} []
[2018-05-24 11:28:50] main.DEBUG: Not found attribute for: Bradley Navy Windowpane-104RG {"is_exception":false} []
[2018-05-24 11:28:50] main.DEBUG: Not found attribute for: Bradley Navy Windowpane-108RG {"is_exception":false} []
[2018-05-24 11:28:50] main.DEBUG: Not found attribute for: Bradley Navy Windowpane-88SH {"is_exception":false} []
[2018-05-24 11:28:50] main.DEBUG: Not found attribute for: Bradley Navy Windowpane-92SH {"is_exception":false} []
[2018-05-24 11:28:50] main.DEBUG: Not found attribute for: Bradley Navy Windowpane-96SH {"is_exception":false} []
[2018-05-24 11:28:50] main.DEBUG: Not found attribute for: Bradley Navy Windowpane-100SH {"is_exception":false} []
[2018-05-24 11:28:50] main.DEBUG: Not found attribute for: Bradley Navy Windowpane-104SH {"is_exception":false} []
[2018-05-24 11:28:50] main.DEBUG: Not found attribute for: Bradley Navy Windowpane-108SH {"is_exception":false} []
[2018-05-24 11:28:50] main.DEBUG: Not found attribute for: Bradley Navy Windowpane-112SH {"is_exception":false} []
[2018-05-24 11:28:50] main.DEBUG: Not found attribute for: Amies Stone Prince of Wales-88RG {"is_exception":false} []
[2018-05-24 11:28:50] main.DEBUG: Not found attribute for: Amies Stone Prince of Wales-92RG {"is_exception":false} []
[2018-05-24 11:28:50] main.DEBUG: Not found attribute for: Amies Stone Prince of Wales-96RG {"is_exception":false} []
[2018-05-24 11:28:50] main.DEBUG: Not found attribute for: Amies Stone Prince of Wales-100RG {"is_exception":false} []
[2018-05-24 11:28:50] main.DEBUG: Not found attribute for: Amies Stone Prince of Wales-104RG {"is_exception":false} []
[2018-05-24 11:28:50] main.DEBUG: Not found attribute for: Amies Stone Prince of Wales-108RG {"is_exception":false} []
[2018-05-24 11:28:50] main.DEBUG: Not found attribute for: Amies Stone Prince of Wales-112RG {"is_exception":false} []
[2018-05-24 11:28:50] main.DEBUG: Not found attribute for: Amies Stone Prince of Wales-116RG {"is_exception":false} []
[2018-05-24 11:28:50] main.DEBUG: Not found attribute for: Amies Stone Prince of Wales-120RG {"is_exception":false} []
[2018-05-24 11:28:50] main.DEBUG: Not found attribute for: Amies Stone Prince of Wales-88SH {"is_exception":false} []
[2018-05-24 11:28:50] main.DEBUG: Not found attribute for: Amies Stone Prince of Wales-92SH {"is_exception":false} []
[2018-05-24 11:28:50] main.DEBUG: Not found attribute for: Amies Stone Prince of Wales-96SH {"is_exception":false} []
[2018-05-24 11:28:50] main.DEBUG: Not found attribute for: Amies Stone Prince of Wales-100SH {"is_exception":false} []
[2018-05-24 11:28:51] main.DEBUG: Not found attribute for: Amies Stone Prince of Wales-104SH {"is_exception":false} []
[2018-05-24 11:28:51] main.DEBUG: Not found attribute for: Amies Stone Prince of Wales-108SH {"is_exception":false} []
[2018-05-24 11:28:51] main.DEBUG: Not found attribute for: Amies Stone Prince of Wales-112SH {"is_exception":false} []
[2018-05-24 11:28:51] main.DEBUG: Not found attribute for: Amies Stone Prince of Wales-96LG {"is_exception":false} []
[2018-05-24 11:28:51] main.DEBUG: Not found attribute for: Amies Stone Prince of Wales-100LG {"is_exception":false} []
[2018-05-24 11:28:51] main.DEBUG: Not found attribute for: Amies Stone Prince of Wales-104LG {"is_exception":false} []
[2018-05-24 11:28:51] main.DEBUG: Not found attribute for: Amies Stone Prince of Wales-108LG {"is_exception":false} []
[2018-05-24 11:28:51] main.DEBUG: Not found attribute for: Amies Stone Prince of Wales-112LG {"is_exception":false} []
[2018-05-24 11:28:51] main.DEBUG: Not found attribute for: Amies Stone Prince of Wales-116LG {"is_exception":false} []
[2018-05-24 11:28:51] main.DEBUG: Not found attribute for: Bradley Navy Nailhead-88RG {"is_exception":false} []
[2018-05-24 11:28:51] main.DEBUG: Not found attribute for: Bradley Navy Nailhead-92RG {"is_exception":false} []
[2018-05-24 11:28:51] main.DEBUG: Not found attribute for: Bradley Navy Nailhead-96RG {"is_exception":false} []
[2018-05-24 11:28:51] main.DEBUG: Not found attribute for: Bradley Navy Nailhead-100RG {"is_exception":false} []
[2018-05-24 11:28:51] main.DEBUG: Not found attribute for: Bradley Navy Nailhead-104RG {"is_exception":false} []
[2018-05-24 11:28:51] main.DEBUG: Not found attribute for: Bradley Navy Nailhead-108RG {"is_exception":false} []
[2018-05-24 11:28:51] main.DEBUG: Not found attribute for: Bradley Navy Nailhead-112RG {"is_exception":false} []
[2018-05-24 11:28:51] main.DEBUG: Not found attribute for: Bradley Navy Nailhead-116RG {"is_exception":false} []
[2018-05-24 11:28:51] main.DEBUG: Not found attribute for: Bradley Navy Nailhead-120RG {"is_exception":false} []
[2018-05-24 11:28:51] main.DEBUG: Not found attribute for: Bradley Navy Nailhead-96LG {"is_exception":false} []
[2018-05-24 11:28:51] main.DEBUG: Not found attribute for: Bradley Navy Nailhead-100LG {"is_exception":false} []
[2018-05-24 11:28:51] main.DEBUG: Not found attribute for: Bradley Navy Nailhead-104LG {"is_exception":false} []
[2018-05-24 11:28:51] main.DEBUG: Not found attribute for: Bradley Navy Nailhead-108LG {"is_exception":false} []
[2018-05-24 11:28:51] main.DEBUG: Not found attribute for: Bradley Navy Nailhead-112LG {"is_exception":false} []
[2018-05-24 11:28:51] main.DEBUG: Not found attribute for: Bradley Navy Nailhead-88SH {"is_exception":false} []
[2018-05-24 11:28:51] main.DEBUG: Not found attribute for: Bradley Navy Nailhead-92SH {"is_exception":false} []
[2018-05-24 11:28:51] main.DEBUG: Not found attribute for: Bradley Navy Nailhead-96SH {"is_exception":false} []
[2018-05-24 11:28:51] main.DEBUG: Not found attribute for: Bradley Navy Nailhead-100SH {"is_exception":false} []
[2018-05-24 11:28:51] main.DEBUG: Not found attribute for: Bradley Navy Nailhead-104SH {"is_exception":false} []
[2018-05-24 11:28:51] main.DEBUG: Not found attribute for: Bradley Navy Nailhead-108SH {"is_exception":false} []
[2018-05-24 11:28:51] main.DEBUG: Not found attribute for: Bradley Navy Nailhead-112SH {"is_exception":false} []
[2018-05-24 11:28:51] main.DEBUG: Not found attribute for: Morgan Charcoal Windowpane-92RG {"is_exception":false} []
[2018-05-24 11:28:51] main.DEBUG: Not found attribute for: Morgan Charcoal Windowpane-96RG {"is_exception":false} []
[2018-05-24 11:28:51] main.DEBUG: Not found attribute for: Morgan Charcoal Windowpane-100RG {"is_exception":false} []
[2018-05-24 11:28:51] main.DEBUG: Not found attribute for: Morgan Charcoal Windowpane-104RG {"is_exception":false} []
[2018-05-24 11:28:51] main.DEBUG: Not found attribute for: Morgan Charcoal Windowpane-108RG {"is_exception":false} []
[2018-05-24 11:28:51] main.DEBUG: Not found attribute for: Morgan Charcoal Windowpane-112RG {"is_exception":false} []
[2018-05-24 11:28:51] main.DEBUG: Not found attribute for: Morgan Charcoal Windowpane-116RG {"is_exception":false} []
[2018-05-24 11:28:51] main.DEBUG: Not found attribute for: Morgan Charcoal Windowpane-92SH {"is_exception":false} []
[2018-05-24 11:28:51] main.DEBUG: Not found attribute for: Morgan Charcoal Windowpane-96SH {"is_exception":false} []
[2018-05-24 11:28:51] main.DEBUG: Not found attribute for: Morgan Charcoal Windowpane-100SH {"is_exception":false} []
[2018-05-24 11:28:51] main.DEBUG: Not found attribute for: Morgan Charcoal Windowpane-104SH {"is_exception":false} []
[2018-05-24 11:28:51] main.DEBUG: Not found attribute for: Morgan Charcoal Windowpane-108SH {"is_exception":false} []
[2018-05-24 11:28:51] main.DEBUG: Not found attribute for: Morgan Charcoal Windowpane-112SH {"is_exception":false} []
[2018-05-24 11:28:51] main.DEBUG: Not found attribute for: Amies Navy Prince of Wales-92RG {"is_exception":false} []
[2018-05-24 11:28:51] main.DEBUG: Not found attribute for: Amies Navy Prince of Wales-96RG {"is_exception":false} []
[2018-05-24 11:28:51] main.DEBUG: Not found attribute for: Amies Navy Prince of Wales-100RG {"is_exception":false} []
[2018-05-24 11:28:51] main.DEBUG: Not found attribute for: Amies Navy Prince of Wales-104RG {"is_exception":false} []
[2018-05-24 11:28:51] main.DEBUG: Not found attribute for: Amies Navy Prince of Wales-108RG {"is_exception":false} []
[2018-05-24 11:28:51] main.DEBUG: Not found attribute for: Amies Navy Prince of Wales-112RG {"is_exception":false} []
[2018-05-24 11:28:51] main.DEBUG: Not found attribute for: Amies Navy Prince of Wales-116RG {"is_exception":false} []
[2018-05-24 11:28:51] main.DEBUG: Not found attribute for: Amies Navy Prince of Wales-120RG {"is_exception":false} []
[2018-05-24 11:28:51] main.DEBUG: Not found attribute for: Amies Navy Prince of Wales-88SH {"is_exception":false} []
[2018-05-24 11:28:51] main.DEBUG: Not found attribute for: Amies Navy Prince of Wales-92SH {"is_exception":false} []
[2018-05-24 11:28:51] main.DEBUG: Not found attribute for: Amies Navy Prince of Wales-96SH {"is_exception":false} []
[2018-05-24 11:28:51] main.DEBUG: Not found attribute for: Amies Navy Prince of Wales-100SH {"is_exception":false} []
[2018-05-24 11:28:51] main.DEBUG: Not found attribute for: Amies Navy Prince of Wales-104SH {"is_exception":false} []
[2018-05-24 11:28:51] main.DEBUG: Not found attribute for: Amies Navy Prince of Wales-108SH {"is_exception":false} []
[2018-05-24 11:28:51] main.DEBUG: Not found attribute for: Amies Navy Prince of Wales-112SH {"is_exception":false} []
[2018-05-24 11:28:51] main.DEBUG: Not found attribute for: Amies Navy Prince of Wales-96LG {"is_exception":false} []
[2018-05-24 11:28:51] main.DEBUG: Not found attribute for: Amies Navy Prince of Wales-100LG {"is_exception":false} []
[2018-05-24 11:28:51] main.DEBUG: Not found attribute for: Amies Navy Prince of Wales-104LG {"is_exception":false} []
[2018-05-24 11:28:51] main.DEBUG: Not found attribute for: Amies Navy Prince of Wales-108LG {"is_exception":false} []
[2018-05-24 11:28:52] main.DEBUG: Not found attribute for: Amies Navy Prince of Wales-112LG {"is_exception":false} []
[2018-05-24 11:28:52] main.DEBUG: Not found attribute for: Amies Navy Prince of Wales-116LG {"is_exception":false} []
[2018-05-24 11:28:52] main.DEBUG: Not found attribute for: Morgan Charcoal Plaid-92RG {"is_exception":false} []
[2018-05-24 11:28:52] main.DEBUG: Not found attribute for: Morgan Charcoal Plaid-96RG {"is_exception":false} []
[2018-05-24 11:28:52] main.DEBUG: Not found attribute for: Morgan Charcoal Plaid-100RG {"is_exception":false} []
[2018-05-24 11:28:52] main.DEBUG: Not found attribute for: Morgan Charcoal Plaid-104RG {"is_exception":false} []
[2018-05-24 11:28:52] main.DEBUG: Not found attribute for: Morgan Charcoal Plaid-108RG {"is_exception":false} []
[2018-05-24 11:28:52] main.DEBUG: Not found attribute for: Morgan Charcoal Plaid-112RG {"is_exception":false} []
[2018-05-24 11:28:52] main.DEBUG: Not found attribute for: Morgan Charcoal Plaid-116RG {"is_exception":false} []
[2018-05-24 11:28:52] main.DEBUG: Not found attribute for: Morgan Charcoal Plaid-92SH {"is_exception":false} []
[2018-05-24 11:28:52] main.DEBUG: Not found attribute for: Morgan Charcoal Plaid-96SH {"is_exception":false} []
[2018-05-24 11:28:52] main.DEBUG: Not found attribute for: Morgan Charcoal Plaid-100SH {"is_exception":false} []
[2018-05-24 11:28:52] main.DEBUG: Not found attribute for: Morgan Charcoal Plaid-104SH {"is_exception":false} []
[2018-05-24 11:28:52] main.DEBUG: Not found attribute for: Morgan Charcoal Plaid-108SH {"is_exception":false} []
[2018-05-24 11:28:52] main.DEBUG: Not found attribute for: Morgan Charcoal Plaid-112SH {"is_exception":false} []
[2018-05-24 11:28:52] main.DEBUG: Not found attribute for: Madrid Navy Serge -92RG {"is_exception":false} []
[2018-05-24 11:28:52] main.DEBUG: Not found attribute for: Madrid Navy Serge -96RG {"is_exception":false} []
[2018-05-24 11:28:52] main.DEBUG: Not found attribute for: Madrid Navy Serge -100RG {"is_exception":false} []
[2018-05-24 11:28:52] main.DEBUG: Not found attribute for: Madrid Navy Serge -104RG {"is_exception":false} []
[2018-05-24 11:28:52] main.DEBUG: Not found attribute for: Madrid Navy Serge -108RG {"is_exception":false} []
[2018-05-24 11:28:52] main.DEBUG: Not found attribute for: Madrid Navy Serge -112RG {"is_exception":false} []
[2018-05-24 11:28:52] main.DEBUG: Not found attribute for: Madrid Navy Serge -116RG {"is_exception":false} []
[2018-05-24 11:28:52] main.DEBUG: Not found attribute for: Madrid Navy Serge -88SH {"is_exception":false} []
[2018-05-24 11:28:52] main.DEBUG: Not found attribute for: Madrid Navy Serge -92SH {"is_exception":false} []
[2018-05-24 11:28:52] main.DEBUG: Not found attribute for: Madrid Navy Serge -96SH {"is_exception":false} []
[2018-05-24 11:28:52] main.DEBUG: Not found attribute for: Madrid Navy Serge -100SH {"is_exception":false} []
[2018-05-24 11:28:52] main.DEBUG: Not found attribute for: Madrid Navy Serge -104SH {"is_exception":false} []
[2018-05-24 11:28:52] main.DEBUG: Not found attribute for: Madrid Navy Serge -108SH {"is_exception":false} []
[2018-05-24 11:28:52] main.DEBUG: Not found attribute for: Madrid Navy Serge -112SH {"is_exception":false} []
[2018-05-24 11:28:52] main.DEBUG: Not found attribute for: Amies Emerald Glen Check -92RG {"is_exception":false} []
[2018-05-24 11:28:52] main.DEBUG: Not found attribute for: Amies Emerald Glen Check -96RG {"is_exception":false} []
[2018-05-24 11:28:52] main.DEBUG: Not found attribute for: Amies Emerald Glen Check -100RG {"is_exception":false} []
[2018-05-24 11:28:52] main.DEBUG: Not found attribute for: Amies Emerald Glen Check -104RG {"is_exception":false} []
[2018-05-24 11:28:52] main.DEBUG: Not found attribute for: Amies Emerald Glen Check -108RG {"is_exception":false} []
[2018-05-24 11:28:52] main.DEBUG: Not found attribute for: Amies Emerald Glen Check -112RG {"is_exception":false} []
[2018-05-24 11:28:52] main.DEBUG: Not found attribute for: Amies Emerald Glen Check -116RG {"is_exception":false} []
[2018-05-24 11:28:52] main.DEBUG: Not found attribute for: Amies Emerald Glen Check -88SH {"is_exception":false} []
[2018-05-24 11:28:52] main.DEBUG: Not found attribute for: Amies Emerald Glen Check -92SH {"is_exception":false} []
[2018-05-24 11:28:52] main.DEBUG: Not found attribute for: Amies Emerald Glen Check -96SH {"is_exception":false} []
[2018-05-24 11:28:52] main.DEBUG: Not found attribute for: Amies Emerald Glen Check -100SH {"is_exception":false} []
[2018-05-24 11:28:52] main.DEBUG: Not found attribute for: Amies Emerald Glen Check -104SH {"is_exception":false} []
[2018-05-24 11:28:52] main.DEBUG: Not found attribute for: Amies Emerald Glen Check -108SH {"is_exception":false} []
[2018-05-24 11:28:52] main.DEBUG: Not found attribute for: Amies Emerald Glen Check -112SH {"is_exception":false} []
[2018-05-24 11:28:52] main.DEBUG: Not found attribute for: Bradley Navy Windowpane-112RG {"is_exception":false} []
[2018-05-24 11:28:52] main.DEBUG: Not found attribute for: Savile Mocha Twill-38 {"is_exception":false} []
[2018-05-24 11:28:52] main.DEBUG: Not found attribute for: Savile Mocha Twill-39 {"is_exception":false} []
[2018-05-24 11:28:52] main.DEBUG: Not found attribute for: Savile Mocha Twill-40 {"is_exception":false} []
[2018-05-24 11:28:52] main.DEBUG: Not found attribute for: Savile Mocha Twill-41 {"is_exception":false} []
[2018-05-24 11:28:52] main.DEBUG: Not found attribute for: Savile Mocha Twill-42 {"is_exception":false} []
[2018-05-24 11:28:52] main.DEBUG: Not found attribute for: Savile Mocha Twill-43 {"is_exception":false} []
[2018-05-24 11:28:52] main.DEBUG: Not found attribute for: Savile Mocha Twill-44 {"is_exception":false} []
[2018-05-24 11:28:52] main.DEBUG: Not found attribute for: Savile Mocha Twill-46 {"is_exception":false} []
[2018-05-24 11:28:52] main.DEBUG: Not found attribute for: Savile Crimson Twill-38 {"is_exception":false} []
[2018-05-24 11:28:52] main.DEBUG: Not found attribute for: Savile Crimson Twill-39 {"is_exception":false} []
[2018-05-24 11:28:52] main.DEBUG: Not found attribute for: Savile Crimson Twill-40 {"is_exception":false} []
[2018-05-24 11:28:52] main.DEBUG: Not found attribute for: Savile Crimson Twill-41 {"is_exception":false} []
[2018-05-24 11:28:52] main.DEBUG: Not found attribute for: Savile Crimson Twill-42 {"is_exception":false} []
[2018-05-24 11:28:52] main.DEBUG: Not found attribute for: Savile Crimson Twill-43 {"is_exception":false} []
[2018-05-24 11:28:52] main.DEBUG: Not found attribute for: Savile Crimson Twill-44 {"is_exception":false} []
[2018-05-24 11:28:52] main.DEBUG: Not found attribute for: Savile Crimson Twill-46 {"is_exception":false} []
[2018-05-24 11:28:52] main.DEBUG: Not found attribute for: Savile Moss Twill-38 {"is_exception":false} []
[2018-05-24 11:28:52] main.DEBUG: Not found attribute for: Savile Moss Twill-39 {"is_exception":false} []
[2018-05-24 11:28:52] main.DEBUG: Not found attribute for: Savile Moss Twill-40 {"is_exception":false} []
[2018-05-24 11:28:52] main.DEBUG: Not found attribute for: Savile Moss Twill-41 {"is_exception":false} []
[2018-05-24 11:28:52] main.DEBUG: Not found attribute for: Savile Moss Twill-42 {"is_exception":false} []
[2018-05-24 11:28:52] main.DEBUG: Not found attribute for: Savile Moss Twill-43 {"is_exception":false} []
[2018-05-24 11:28:52] main.DEBUG: Not found attribute for: Savile Moss Twill-44 {"is_exception":false} []
[2018-05-24 11:28:52] main.DEBUG: Not found attribute for: Savile Moss Twill-46 {"is_exception":false} []
[2018-05-24 11:28:52] main.DEBUG: Not found attribute for: Savile Iris Twill(Missing model and close)-38 {"is_exception":false} []
[2018-05-24 11:28:52] main.DEBUG: Not found attribute for: Savile Iris Twill(Missing model and close)-39 {"is_exception":false} []
[2018-05-24 11:28:52] main.DEBUG: Not found attribute for: Savile Iris Twill(Missing model and close)-40 {"is_exception":false} []
[2018-05-24 11:28:52] main.DEBUG: Not found attribute for: Savile Iris Twill(Missing model and close)-41 {"is_exception":false} []
[2018-05-24 11:28:52] main.DEBUG: Not found attribute for: Savile Iris Twill(Missing model and close)-42 {"is_exception":false} []
[2018-05-24 11:28:52] main.DEBUG: Not found attribute for: Savile Iris Twill(Missing model and close)-43 {"is_exception":false} []
[2018-05-24 11:28:52] main.DEBUG: Not found attribute for: Savile Iris Twill(Missing model and close)-44 {"is_exception":false} []
[2018-05-24 11:28:52] main.DEBUG: Not found attribute for: Savile Iris Twill(Missing model and close)-46 {"is_exception":false} []
[2018-05-24 11:28:52] main.DEBUG: Not found attribute for: Savile Sky Blue Twill-38 {"is_exception":false} []
[2018-05-24 11:28:52] main.DEBUG: Not found attribute for: Savile Sky Blue Twill-39 {"is_exception":false} []
[2018-05-24 11:28:52] main.DEBUG: Not found attribute for: Savile Sky Blue Twill-40 {"is_exception":false} []
[2018-05-24 11:28:52] main.DEBUG: Not found attribute for: Savile Sky Blue Twill-41 {"is_exception":false} []
[2018-05-24 11:28:52] main.DEBUG: Not found attribute for: Savile Sky Blue Twill-42 {"is_exception":false} []
[2018-05-24 11:28:52] main.DEBUG: Not found attribute for: Savile Sky Blue Twill-43 {"is_exception":false} []
[2018-05-24 11:28:52] main.DEBUG: Not found attribute for: Savile Sky Blue Twill-44 {"is_exception":false} []
[2018-05-24 11:28:52] main.DEBUG: Not found attribute for: Savile Sky Blue Twill-46 {"is_exception":false} []
[2018-05-24 11:28:52] main.DEBUG: Not found attribute for: Savile Tangerine Twill (Missing model)-38 {"is_exception":false} []
[2018-05-24 11:28:52] main.DEBUG: Not found attribute for: Savile Tangerine Twill (Missing model)-39 {"is_exception":false} []
[2018-05-24 11:28:52] main.DEBUG: Not found attribute for: Savile Tangerine Twill (Missing model)-40 {"is_exception":false} []
[2018-05-24 11:28:52] main.DEBUG: Not found attribute for: Savile Tangerine Twill (Missing model)-41 {"is_exception":false} []
[2018-05-24 11:28:52] main.DEBUG: Not found attribute for: Savile Tangerine Twill (Missing model)-42 {"is_exception":false} []
[2018-05-24 11:28:52] main.DEBUG: Not found attribute for: Savile Tangerine Twill (Missing model)-43 {"is_exception":false} []
[2018-05-24 11:28:52] main.DEBUG: Not found attribute for: Savile Tangerine Twill (Missing model)-44 {"is_exception":false} []
[2018-05-24 11:28:52] main.DEBUG: Not found attribute for: Savile Tangerine Twill (Missing model)-46 {"is_exception":false} []
[2018-05-24 11:28:52] main.DEBUG: Not found attribute for: Verona Mocha Paid Check-38 {"is_exception":false} []
[2018-05-24 11:28:52] main.DEBUG: Not found attribute for: Verona Mocha Paid Check-39 {"is_exception":false} []
[2018-05-24 11:28:52] main.DEBUG: Not found attribute for: Verona Mocha Paid Check-40 {"is_exception":false} []
[2018-05-24 11:28:52] main.DEBUG: Not found attribute for: Verona Mocha Paid Check-42 {"is_exception":false} []
[2018-05-24 11:28:52] main.DEBUG: Not found attribute for: Verona Mocha Paid Check-43 {"is_exception":false} []
[2018-05-24 11:28:52] main.DEBUG: Not found attribute for: Verona Mocha Paid Check-44 {"is_exception":false} []
[2018-05-24 11:28:52] main.DEBUG: Not found attribute for: Verona Mocha Paid Check-46 {"is_exception":false} []
[2018-05-24 11:28:52] main.DEBUG: Not found attribute for: Verona Mocha Paid Check-41 {"is_exception":false} []
[2018-05-24 11:28:52] main.DEBUG: Not found attribute for: Verona Emerald Paid Check-38 {"is_exception":false} []
[2018-05-24 11:28:52] main.DEBUG: Not found attribute for: Verona Emerald Paid Check-39 {"is_exception":false} []
[2018-05-24 11:28:52] main.DEBUG: Not found attribute for: Verona Emerald Paid Check-40 {"is_exception":false} []
[2018-05-24 11:28:52] main.DEBUG: Not found attribute for: Verona Emerald Paid Check-41 {"is_exception":false} []
[2018-05-24 11:28:52] main.DEBUG: Not found attribute for: Verona Emerald Paid Check-42 {"is_exception":false} []
[2018-05-24 11:28:52] main.DEBUG: Not found attribute for: Verona Emerald Paid Check-43 {"is_exception":false} []
[2018-05-24 11:28:52] main.DEBUG: Not found attribute for: Verona Emerald Paid Check-44 {"is_exception":false} []
[2018-05-24 11:28:52] main.DEBUG: Not found attribute for: Verona Emerald Paid Check-46 {"is_exception":false} []
[2018-05-24 11:28:52] main.DEBUG: Not found attribute for: Verona Mocha Gingham Check (missing detail and flat)-38 {"is_exception":false} []
[2018-05-24 11:28:52] main.DEBUG: Not found attribute for: Verona Mocha Gingham Check (missing detail and flat)-39 {"is_exception":false} []
[2018-05-24 11:28:52] main.DEBUG: Not found attribute for: Verona Mocha Gingham Check (missing detail and flat)-40 {"is_exception":false} []
[2018-05-24 11:28:52] main.DEBUG: Not found attribute for: Verona Mocha Gingham Check (missing detail and flat)-41 {"is_exception":false} []
[2018-05-24 11:28:52] main.DEBUG: Not found attribute for: Verona Mocha Gingham Check (missing detail and flat)-42 {"is_exception":false} []
[2018-05-24 11:28:52] main.DEBUG: Not found attribute for: Verona Mocha Gingham Check (missing detail and flat)-43 {"is_exception":false} []
[2018-05-24 11:28:52] main.DEBUG: Not found attribute for: Verona Mocha Gingham Check (missing detail and flat)-44 {"is_exception":false} []
[2018-05-24 11:28:52] main.DEBUG: Not found attribute for: Verona Mocha Gingham Check (missing detail and flat)-46 {"is_exception":false} []
[2018-05-24 11:28:52] main.DEBUG: Not found attribute for: Verona Navy Gingham Check-38 {"is_exception":false} []
[2018-05-24 11:28:52] main.DEBUG: Not found attribute for: Verona Navy Gingham Check-39 {"is_exception":false} []
[2018-05-24 11:28:52] main.DEBUG: Not found attribute for: Verona Navy Gingham Check-40 {"is_exception":false} []
[2018-05-24 11:28:52] main.DEBUG: Not found attribute for: Verona Navy Gingham Check-41 {"is_exception":false} []
[2018-05-24 11:28:52] main.DEBUG: Not found attribute for: Verona Navy Gingham Check-42 {"is_exception":false} []
[2018-05-24 11:28:52] main.DEBUG: Not found attribute for: Verona Navy Gingham Check-43 {"is_exception":false} []
[2018-05-24 11:28:52] main.DEBUG: Not found attribute for: Verona Navy Gingham Check-44 {"is_exception":false} []
[2018-05-24 11:28:52] main.DEBUG: Not found attribute for: Verona Navy Gingham Check-46 {"is_exception":false} []
[2018-05-24 11:28:52] main.DEBUG: Not found attribute for: Verona Iris Geo Print -38 {"is_exception":false} []
[2018-05-24 11:28:52] main.DEBUG: Not found attribute for: Verona Iris Geo Print -39 {"is_exception":false} []
[2018-05-24 11:28:52] main.DEBUG: Not found attribute for: Verona Iris Geo Print -40 {"is_exception":false} []
[2018-05-24 11:28:52] main.DEBUG: Not found attribute for: Verona Iris Geo Print -41 {"is_exception":false} []
[2018-05-24 11:28:52] main.DEBUG: Not found attribute for: Verona Iris Geo Print -42 {"is_exception":false} []
[2018-05-24 11:28:52] main.DEBUG: Not found attribute for: Verona Iris Geo Print -43 {"is_exception":false} []
[2018-05-24 11:28:52] main.DEBUG: Not found attribute for: Verona Iris Geo Print -44 {"is_exception":false} []
[2018-05-24 11:28:52] main.DEBUG: Not found attribute for: Verona Iris Geo Print -46 {"is_exception":false} []
[2018-05-24 11:28:52] main.DEBUG: Not found attribute for: Savile Sky Heavy Twill-38 {"is_exception":false} []
[2018-05-24 11:28:52] main.DEBUG: Not found attribute for: Savile Sky Heavy Twill-39 {"is_exception":false} []
[2018-05-24 11:28:52] main.DEBUG: Not found attribute for: Savile Sky Heavy Twill-40 {"is_exception":false} []
[2018-05-24 11:28:52] main.DEBUG: Not found attribute for: Savile Sky Heavy Twill-41 {"is_exception":false} []
[2018-05-24 11:28:52] main.DEBUG: Not found attribute for: Savile Sky Heavy Twill-42 {"is_exception":false} []
[2018-05-24 11:28:52] main.DEBUG: Not found attribute for: Savile Sky Heavy Twill-43 {"is_exception":false} []
[2018-05-24 11:28:52] main.DEBUG: Not found attribute for: Savile Sky Heavy Twill-44 {"is_exception":false} []
[2018-05-24 11:28:52] main.DEBUG: Not found attribute for: Savile Sky Heavy Twill-46 {"is_exception":false} []
[2018-05-24 11:28:52] main.DEBUG: Not found attribute for: Savile Tangerine Heavy Twill-38 {"is_exception":false} []
[2018-05-24 11:28:52] main.DEBUG: Not found attribute for: Savile Tangerine Heavy Twill-39 {"is_exception":false} []
[2018-05-24 11:28:52] main.DEBUG: Not found attribute for: Savile Tangerine Heavy Twill-40 {"is_exception":false} []
[2018-05-24 11:28:52] main.DEBUG: Not found attribute for: Savile Tangerine Heavy Twill-41 {"is_exception":false} []
[2018-05-24 11:28:52] main.DEBUG: Not found attribute for: Savile Tangerine Heavy Twill-42 {"is_exception":false} []
[2018-05-24 11:28:52] main.DEBUG: Not found attribute for: Savile Tangerine Heavy Twill-43 {"is_exception":false} []
[2018-05-24 11:28:52] main.DEBUG: Not found attribute for: Savile Tangerine Heavy Twill-44 {"is_exception":false} []
[2018-05-24 11:28:52] main.DEBUG: Not found attribute for: Savile Tangerine Heavy Twill-46 {"is_exception":false} []
[2018-05-24 11:28:52] main.DEBUG: Not found attribute for: Savile Navy Heavy Twill-38 {"is_exception":false} []
[2018-05-24 11:28:52] main.DEBUG: Not found attribute for: Savile Navy Heavy Twill-39 {"is_exception":false} []
[2018-05-24 11:28:52] main.DEBUG: Not found attribute for: Savile Navy Heavy Twill-40 {"is_exception":false} []
[2018-05-24 11:28:52] main.DEBUG: Not found attribute for: Savile Navy Heavy Twill-41 {"is_exception":false} []
[2018-05-24 11:28:52] main.DEBUG: Not found attribute for: Savile Navy Heavy Twill-42 {"is_exception":false} []
[2018-05-24 11:28:52] main.DEBUG: Not found attribute for: Savile Navy Heavy Twill-43 {"is_exception":false} []
[2018-05-24 11:28:52] main.DEBUG: Not found attribute for: Savile Navy Heavy Twill-44 {"is_exception":false} []
[2018-05-24 11:28:52] main.DEBUG: Not found attribute for: Savile Navy Heavy Twill-46 {"is_exception":false} []
[2018-05-24 11:28:52] main.DEBUG: Not found attribute for: Savile Navy Houndstooth-38 {"is_exception":false} []
[2018-05-24 11:28:52] main.DEBUG: Not found attribute for: Savile Navy Houndstooth-39 {"is_exception":false} []
[2018-05-24 11:28:52] main.DEBUG: Not found attribute for: Savile Navy Houndstooth-40 {"is_exception":false} []
[2018-05-24 11:28:52] main.DEBUG: Not found attribute for: Savile Navy Houndstooth-41 {"is_exception":false} []
[2018-05-24 11:28:52] main.DEBUG: Not found attribute for: Savile Navy Houndstooth-42 {"is_exception":false} []
[2018-05-24 11:28:52] main.DEBUG: Not found attribute for: Savile Navy Houndstooth-43 {"is_exception":false} []
[2018-05-24 11:28:52] main.DEBUG: Not found attribute for: Savile Navy Houndstooth-44 {"is_exception":false} []
[2018-05-24 11:28:52] main.DEBUG: Not found attribute for: Savile Navy Houndstooth-46 {"is_exception":false} []
[2018-05-24 11:28:52] main.DEBUG: Not found attribute for: Savile Sky Houndstooth-38 {"is_exception":false} []
[2018-05-24 11:28:52] main.DEBUG: Not found attribute for: Savile Sky Houndstooth-39 {"is_exception":false} []
[2018-05-24 11:28:52] main.DEBUG: Not found attribute for: Savile Sky Houndstooth-40 {"is_exception":false} []
[2018-05-24 11:28:52] main.DEBUG: Not found attribute for: Savile Sky Houndstooth-41 {"is_exception":false} []
[2018-05-24 11:28:52] main.DEBUG: Not found attribute for: Savile Sky Houndstooth-42 {"is_exception":false} []
[2018-05-24 11:28:52] main.DEBUG: Not found attribute for: Savile Sky Houndstooth-43 {"is_exception":false} []
[2018-05-24 11:28:52] main.DEBUG: Not found attribute for: Savile Sky Houndstooth-44 {"is_exception":false} []
[2018-05-24 11:28:52] main.DEBUG: Not found attribute for: Savile Sky Houndstooth-46 {"is_exception":false} []
[2018-05-24 11:28:52] main.DEBUG: Not found attribute for: Savile Sky Butcher Stripe (needs model)-38 {"is_exception":false} []
[2018-05-24 11:28:52] main.DEBUG: Not found attribute for: Savile Sky Butcher Stripe (needs model)-39 {"is_exception":false} []
[2018-05-24 11:28:52] main.DEBUG: Not found attribute for: Savile Sky Butcher Stripe (needs model)-40 {"is_exception":false} []
[2018-05-24 11:28:52] main.DEBUG: Not found attribute for: Savile Sky Butcher Stripe (needs model)-41 {"is_exception":false} []
[2018-05-24 11:28:52] main.DEBUG: Not found attribute for: Savile Sky Butcher Stripe (needs model)-42 {"is_exception":false} []
[2018-05-24 11:28:52] main.DEBUG: Not found attribute for: Savile Sky Butcher Stripe (needs model)-43 {"is_exception":false} []
[2018-05-24 11:28:52] main.DEBUG: Not found attribute for: Savile Sky Butcher Stripe (needs model)-44 {"is_exception":false} []
[2018-05-24 11:28:52] main.DEBUG: Not found attribute for: Savile Sky Butcher Stripe (needs model)-46 {"is_exception":false} []
[2018-05-24 11:28:52] main.DEBUG: Not found attribute for: Savile Navy Butcher Stripe (needs model)-38 {"is_exception":false} []
[2018-05-24 11:28:52] main.DEBUG: Not found attribute for: Savile Navy Butcher Stripe (needs model)-39 {"is_exception":false} []
[2018-05-24 11:28:52] main.DEBUG: Not found attribute for: Savile Navy Butcher Stripe (needs model)-40 {"is_exception":false} []
[2018-05-24 11:28:52] main.DEBUG: Not found attribute for: Savile Navy Butcher Stripe (needs model)-41 {"is_exception":false} []
[2018-05-24 11:28:52] main.DEBUG: Not found attribute for: Savile Navy Butcher Stripe (needs model)-42 {"is_exception":false} []
[2018-05-24 11:28:52] main.DEBUG: Not found attribute for: Savile Navy Butcher Stripe (needs model)-43 {"is_exception":false} []
[2018-05-24 11:28:52] main.DEBUG: Not found attribute for: Savile Navy Butcher Stripe (needs model)-44 {"is_exception":false} []
[2018-05-24 11:28:52] main.DEBUG: Not found attribute for: Savile Navy Butcher Stripe (needs model)-46 {"is_exception":false} []
[2018-05-24 11:28:52] main.DEBUG: Not found attribute for: Savile Sky Plaid Check (needs model)-38 {"is_exception":false} []
[2018-05-24 11:28:52] main.DEBUG: Not found attribute for: Savile Sky Plaid Check (needs model)-39 {"is_exception":false} []
[2018-05-24 11:28:52] main.DEBUG: Not found attribute for: Savile Sky Plaid Check (needs model)-40 {"is_exception":false} []
[2018-05-24 11:28:52] main.DEBUG: Not found attribute for: Savile Sky Plaid Check (needs model)-41 {"is_exception":false} []
[2018-05-24 11:28:52] main.DEBUG: Not found attribute for: Savile Sky Plaid Check (needs model)-42 {"is_exception":false} []
[2018-05-24 11:28:52] main.DEBUG: Not found attribute for: Savile Sky Plaid Check (needs model)-43 {"is_exception":false} []
[2018-05-24 11:28:52] main.DEBUG: Not found attribute for: Savile Sky Plaid Check (needs model)-44 {"is_exception":false} []
[2018-05-24 11:28:52] main.DEBUG: Not found attribute for: Savile Sky Plaid Check (needs model)-46 {"is_exception":false} []
[2018-05-24 11:28:52] main.DEBUG: Not found attribute for: Verona Blue Gingham Check-38 {"is_exception":false} []
[2018-05-24 11:28:52] main.DEBUG: Not found attribute for: Verona Blue Gingham Check-39 {"is_exception":false} []
[2018-05-24 11:28:52] main.DEBUG: Not found attribute for: Verona Blue Gingham Check-40 {"is_exception":false} []
[2018-05-24 11:28:52] main.DEBUG: Not found attribute for: Verona Blue Gingham Check-41 {"is_exception":false} []
[2018-05-24 11:28:52] main.DEBUG: Not found attribute for: Verona Blue Gingham Check-42 {"is_exception":false} []
[2018-05-24 11:28:52] main.DEBUG: Not found attribute for: Verona Blue Gingham Check-43 {"is_exception":false} []
[2018-05-24 11:28:52] main.DEBUG: Not found attribute for: Verona Blue Gingham Check-44 {"is_exception":false} []
[2018-05-24 11:28:52] main.DEBUG: Not found attribute for: Verona Blue Gingham Check-46 {"is_exception":false} []
[2018-05-24 11:28:52] main.DEBUG: Not found attribute for: Bradley Navy Plaid-92RG {"is_exception":false} []
[2018-05-24 11:28:52] main.DEBUG: Not found attribute for: Bradley Navy Plaid-88SH {"is_exception":false} []
[2018-05-24 11:28:52] main.DEBUG: Not found attribute for: Bradley Navy Plaid-96RG {"is_exception":false} []
[2018-05-24 11:28:52] main.DEBUG: Not found attribute for: Bradley Navy Plaid-100RG {"is_exception":false} []
[2018-05-24 11:28:52] main.DEBUG: Not found attribute for: Bradley Navy Plaid-104RG {"is_exception":false} []
[2018-05-24 11:28:52] main.DEBUG: Not found attribute for: Bradley Navy Plaid-108RG {"is_exception":false} []
[2018-05-24 11:28:52] main.DEBUG: Not found attribute for: Bradley Navy Plaid-112RG {"is_exception":false} []
[2018-05-24 11:28:52] main.DEBUG: Not found attribute for: Bradley Navy Plaid-92SH {"is_exception":false} []
[2018-05-24 11:28:52] main.DEBUG: Not found attribute for: Bradley Navy Plaid-96SH {"is_exception":false} []
[2018-05-24 11:28:52] main.DEBUG: Not found attribute for: Bradley Navy Plaid-100SH {"is_exception":false} []
[2018-05-24 11:28:52] main.DEBUG: Not found attribute for: Bradley Navy Plaid-104SH {"is_exception":false} []
[2018-05-24 11:28:52] main.DEBUG: Not found attribute for: Bradley Navy Plaid-108SH {"is_exception":false} []
[2018-05-24 11:28:52] main.DEBUG: Not found attribute for: Bradley Navy Plaid-112SH {"is_exception":false} []
[2018-05-24 11:28:52] main.DEBUG: Not found attribute for: Tan Trifold Wallet  {"is_exception":false} []
[2018-05-24 11:28:52] main.DEBUG: Not found attribute for: Morgan Glen Plaid-88RG {"is_exception":false} []
[2018-05-24 11:28:52] main.DEBUG: Not found attribute for: Morgan Glen Plaid-92RG {"is_exception":false} []
[2018-05-24 11:28:52] main.DEBUG: Not found attribute for: Morgan Glen Plaid-100RG {"is_exception":false} []
[2018-05-24 11:28:52] main.DEBUG: Not found attribute for: Morgan Glen Plaid-104RG {"is_exception":false} []
[2018-05-24 11:28:52] main.DEBUG: Not found attribute for: Morgan Glen Plaid-108RG {"is_exception":false} []
[2018-05-24 11:28:52] main.DEBUG: Not found attribute for: Morgan Glen Plaid-112RG {"is_exception":false} []
[2018-05-24 11:28:52] main.DEBUG: Not found attribute for: Morgan Glen Plaid-116RG {"is_exception":false} []
[2018-05-24 11:28:52] main.DEBUG: Not found attribute for: Morgan Glen Plaid-120RG {"is_exception":false} []
[2018-05-24 11:28:52] main.DEBUG: Not found attribute for: Morgan Glen Plaid-100SH {"is_exception":false} []
[2018-05-24 11:28:52] main.DEBUG: Not found attribute for: Morgan Glen Plaid-104SH {"is_exception":false} []
[2018-05-24 11:28:52] main.DEBUG: Not found attribute for: Morgan Glen Plaid-108SH {"is_exception":false} []
[2018-05-24 11:28:52] main.DEBUG: Not found attribute for: Morgan Glen Plaid-112SH {"is_exception":false} []
[2018-05-24 11:28:52] main.DEBUG: Not found attribute for: Morgan Glen Plaid-88SH {"is_exception":false} []
[2018-05-24 11:28:52] main.DEBUG: Not found attribute for: Morgan Glen Plaid-92SH {"is_exception":false} []
[2018-05-24 11:28:52] main.DEBUG: Not found attribute for: Morgan Glen Plaid-96SH {"is_exception":false} []
[2018-05-24 11:28:52] main.DEBUG: Not found attribute for: Morgan Glen Plaid-100LG {"is_exception":false} []
[2018-05-24 11:28:52] main.DEBUG: Not found attribute for: Morgan Glen Plaid-104LG {"is_exception":false} []
[2018-05-24 11:28:52] main.DEBUG: Not found attribute for: Morgan Glen Plaid-108LG {"is_exception":false} []
[2018-05-24 11:28:52] main.DEBUG: Not found attribute for: Morgan Indigo Windowpane-92RG {"is_exception":false} []
[2018-05-24 11:28:52] main.DEBUG: Not found attribute for: Morgan Indigo Windowpane-96RG {"is_exception":false} []
[2018-05-24 11:28:52] main.DEBUG: Not found attribute for: Morgan Indigo Windowpane-100RG {"is_exception":false} []
[2018-05-24 11:28:52] main.DEBUG: Not found attribute for: Morgan Indigo Windowpane-104RG {"is_exception":false} []
[2018-05-24 11:28:52] main.DEBUG: Not found attribute for: Morgan Indigo Windowpane-108RG {"is_exception":false} []
[2018-05-24 11:28:52] main.DEBUG: Not found attribute for: Morgan Indigo Windowpane-112RG {"is_exception":false} []
[2018-05-24 11:28:52] main.DEBUG: Not found attribute for: Morgan Indigo Windowpane-116RG {"is_exception":false} []
[2018-05-24 11:28:52] main.DEBUG: Not found attribute for: Morgan Indigo Windowpane-120RG {"is_exception":false} []
[2018-05-24 11:28:52] main.DEBUG: Not found attribute for: Morgan Indigo Windowpane-88SH {"is_exception":false} []
[2018-05-24 11:28:52] main.DEBUG: Not found attribute for: Morgan Indigo Windowpane-92SH {"is_exception":false} []
[2018-05-24 11:28:52] main.DEBUG: Not found attribute for: Morgan Indigo Windowpane-104SH {"is_exception":false} []
[2018-05-24 11:28:52] main.DEBUG: Not found attribute for: Morgan Indigo Windowpane-96SH {"is_exception":false} []
[2018-05-24 11:28:52] main.DEBUG: Not found attribute for: Morgan Indigo Windowpane-100SH {"is_exception":false} []
[2018-05-24 11:28:52] main.DEBUG: Not found attribute for: Morgan Indigo Windowpane-108SH {"is_exception":false} []
[2018-05-24 11:28:52] main.DEBUG: Not found attribute for: Morgan Indigo Windowpane-112SH {"is_exception":false} []
[2018-05-24 11:28:52] main.DEBUG: Not found attribute for: Morgan Indigo Windowpane-104LG {"is_exception":false} []
[2018-05-24 11:28:52] main.DEBUG: Not found attribute for: Morgan Indigo Windowpane-108LG {"is_exception":false} []
[2018-05-24 11:28:52] main.DEBUG: Not found attribute for: Morgan Royal Blue Melange-88SH {"is_exception":false} []
[2018-05-24 11:28:52] main.DEBUG: Not found attribute for: Morgan Royal Blue Melange-92SH {"is_exception":false} []
[2018-05-24 11:28:52] main.DEBUG: Not found attribute for: Morgan Royal Blue Melange-96SH {"is_exception":false} []
[2018-05-24 11:28:53] main.DEBUG: Not found attribute for: Morgan Royal Blue Melange-100RG {"is_exception":false} []
[2018-05-24 11:28:53] main.DEBUG: Not found attribute for: Morgan Royal Blue Melange-104RG {"is_exception":false} []
[2018-05-24 11:28:53] main.DEBUG: Not found attribute for: Morgan Royal Blue Melange-100SH {"is_exception":false} []
[2018-05-24 11:28:53] main.DEBUG: Not found attribute for: Morgan Royal Blue Melange-104SH {"is_exception":false} []
[2018-05-24 11:28:53] main.DEBUG: Not found attribute for: Morgan Royal Blue Melange-108SH {"is_exception":false} []
[2018-05-24 11:28:53] main.DEBUG: Not found attribute for: Morgan Royal Blue Melange-112SH {"is_exception":false} []
[2018-05-24 11:28:53] main.DEBUG: Not found attribute for: Morgan Royal Blue Melange-88RG {"is_exception":false} []
[2018-05-24 11:28:53] main.DEBUG: Not found attribute for: Morgan Royal Blue Melange-92RG {"is_exception":false} []
[2018-05-24 11:28:53] main.DEBUG: Not found attribute for: Morgan Royal Blue Melange-96RG {"is_exception":false} []
[2018-05-24 11:28:53] main.DEBUG: Not found attribute for: Morgan Royal Blue Melange-108RG {"is_exception":false} []
[2018-05-24 11:28:53] main.DEBUG: Not found attribute for: Morgan Royal Blue Melange-112RG {"is_exception":false} []
[2018-05-24 11:28:53] main.DEBUG: Not found attribute for: Morgan Royal Blue Melange-116RG {"is_exception":false} []
[2018-05-24 11:28:53] main.DEBUG: Not found attribute for: Morgan Royal Blue Melange-96LG {"is_exception":false} []
[2018-05-24 11:28:53] main.DEBUG: Not found attribute for: Morgan Royal Blue Melange-100LG {"is_exception":false} []
[2018-05-24 11:28:53] main.DEBUG: Not found attribute for: Morgan Royal Blue Melange-104LG {"is_exception":false} []
[2018-05-24 11:28:53] main.DEBUG: Not found attribute for: Morgan Royal Blue Melange-108LG {"is_exception":false} []
[2018-05-24 11:28:53] main.DEBUG: Not found attribute for: Morgan Royal Blue Melange-112LG {"is_exception":false} []
[2018-05-24 11:28:53] main.DEBUG: Not found attribute for: Edward Cobalt Check Pant {"is_exception":false} []
[2018-05-24 11:28:53] main.DEBUG: Not found attribute for: Savile Moss Heavy Twill -38 {"is_exception":false} []
[2018-05-24 11:28:53] main.DEBUG: Not found attribute for: Savile Moss Heavy Twill -39 {"is_exception":false} []
[2018-05-24 11:28:53] main.DEBUG: Not found attribute for: Savile Moss Heavy Twill -40 {"is_exception":false} []
[2018-05-24 11:28:53] main.DEBUG: Not found attribute for: Savile Moss Heavy Twill -41 {"is_exception":false} []
[2018-05-24 11:28:53] main.DEBUG: Not found attribute for: Savile Moss Heavy Twill -42 {"is_exception":false} []
[2018-05-24 11:28:53] main.DEBUG: Not found attribute for: Savile Moss Heavy Twill -43 {"is_exception":false} []
[2018-05-24 11:28:53] main.DEBUG: Not found attribute for: Savile Moss Heavy Twill -44 {"is_exception":false} []
[2018-05-24 11:28:53] main.DEBUG: Not found attribute for: Savile Moss Heavy Twill -45 {"is_exception":false} []
[2018-05-24 11:28:53] main.DEBUG: Not found attribute for: Savile Moss Heavy Twill -46 {"is_exception":false} []
[2018-05-24 11:28:53] main.DEBUG: Not found attribute for: Morgan Smoke Sharkskin-88RG {"is_exception":false} []
[2018-05-24 11:28:53] main.DEBUG: Not found attribute for: Morgan Smoke Sharkskin-92RG {"is_exception":false} []
[2018-05-24 11:28:53] main.DEBUG: Not found attribute for: Morgan Smoke Sharkskin-96RG {"is_exception":false} []
[2018-05-24 11:28:53] main.DEBUG: Not found attribute for: Morgan Smoke Sharkskin-100RG {"is_exception":false} []
[2018-05-24 11:28:53] main.DEBUG: Not found attribute for: Morgan Smoke Sharkskin-104RG {"is_exception":false} []
[2018-05-24 11:28:53] main.DEBUG: Not found attribute for: Morgan Smoke Sharkskin-108RG {"is_exception":false} []
[2018-05-24 11:28:53] main.DEBUG: Not found attribute for: Morgan Smoke Sharkskin-112RG {"is_exception":false} []
[2018-05-24 11:28:53] main.DEBUG: Not found attribute for: Morgan Smoke Sharkskin-116RG {"is_exception":false} []
[2018-05-24 11:28:53] main.DEBUG: Not found attribute for: Morgan Smoke Sharkskin-120RG {"is_exception":false} []
[2018-05-24 11:28:53] main.DEBUG: Not found attribute for: Morgan Smoke Sharkskin-88SH {"is_exception":false} []
[2018-05-24 11:28:53] main.DEBUG: Not found attribute for: Morgan Smoke Sharkskin-92SH {"is_exception":false} []
[2018-05-24 11:28:53] main.DEBUG: Not found attribute for: Morgan Smoke Sharkskin-96SH {"is_exception":false} []
[2018-05-24 11:28:53] main.DEBUG: Not found attribute for: Morgan Smoke Sharkskin-100SH {"is_exception":false} []
[2018-05-24 11:28:53] main.DEBUG: Not found attribute for: Morgan Smoke Sharkskin-104SH {"is_exception":false} []
[2018-05-24 11:28:53] main.DEBUG: Not found attribute for: Morgan Smoke Sharkskin-108SH {"is_exception":false} []
[2018-05-24 11:28:53] main.DEBUG: Not found attribute for: Morgan Smoke Sharkskin-112SH {"is_exception":false} []
[2018-05-24 11:28:53] main.DEBUG: Not found attribute for: Manhattan Navy Plaid -92RG {"is_exception":false} []
[2018-05-24 11:28:53] main.DEBUG: Not found attribute for: Manhattan Navy Plaid -96RG {"is_exception":false} []
[2018-05-24 11:28:53] main.DEBUG: Not found attribute for: Manhattan Navy Plaid -100RG {"is_exception":false} []
[2018-05-24 11:28:53] main.DEBUG: Not found attribute for: Manhattan Navy Plaid -104RG {"is_exception":false} []
[2018-05-24 11:28:53] main.DEBUG: Not found attribute for: Manhattan Navy Plaid -108RG {"is_exception":false} []
[2018-05-24 11:28:53] main.DEBUG: Not found attribute for: Manhattan Navy Plaid -112RG {"is_exception":false} []
[2018-05-24 11:28:53] main.DEBUG: Not found attribute for: Manhattan Navy Plaid -116RG {"is_exception":false} []
[2018-05-24 11:28:53] main.DEBUG: Not found attribute for: Manhattan Charcoal Plaid-92RG {"is_exception":false} []
[2018-05-24 11:28:53] main.DEBUG: Not found attribute for: Manhattan Charcoal Plaid-96RG {"is_exception":false} []
[2018-05-24 11:28:53] main.DEBUG: Not found attribute for: Manhattan Charcoal Plaid-100RG {"is_exception":false} []
[2018-05-24 11:28:53] main.DEBUG: Not found attribute for: Manhattan Charcoal Plaid-104RG {"is_exception":false} []
[2018-05-24 11:28:53] main.DEBUG: Not found attribute for: Manhattan Charcoal Plaid-108RG {"is_exception":false} []
[2018-05-24 11:28:53] main.DEBUG: Not found attribute for: Manhattan Charcoal Plaid-112RG {"is_exception":false} []
[2018-05-24 11:28:53] main.DEBUG: Not found attribute for: Manhattan Charcoal Plaid-116RG {"is_exception":false} []
[2018-05-24 11:28:53] main.DEBUG: Not found attribute for: Cayman Indigo Windowpane-92RG {"is_exception":false} []
[2018-05-24 11:28:53] main.DEBUG: Not found attribute for: Cayman Indigo Windowpane-96RG {"is_exception":false} []
[2018-05-24 11:28:53] main.DEBUG: Not found attribute for: Cayman Indigo Windowpane-100RG {"is_exception":false} []
[2018-05-24 11:28:53] main.DEBUG: Not found attribute for: Cayman Indigo Windowpane-104RG {"is_exception":false} []
[2018-05-24 11:28:53] main.DEBUG: Not found attribute for: Cayman Indigo Windowpane-108RG {"is_exception":false} []
[2018-05-24 11:28:53] main.DEBUG: Not found attribute for: Cayman Indigo Windowpane-112RG {"is_exception":false} []
[2018-05-24 11:28:53] main.DEBUG: Not found attribute for: Cayman Indigo Windowpane-116RG {"is_exception":false} []
[2018-05-24 11:28:53] main.DEBUG: Not found attribute for: Cayman Navy Prince of Wales-92RG {"is_exception":false} []
[2018-05-24 11:28:53] main.DEBUG: Not found attribute for: Cayman Navy Prince of Wales-96RG {"is_exception":false} []
[2018-05-24 11:28:53] main.DEBUG: Not found attribute for: Cayman Navy Prince of Wales-100RG {"is_exception":false} []
[2018-05-24 11:28:53] main.DEBUG: Not found attribute for: Cayman Navy Prince of Wales-104RG {"is_exception":false} []
[2018-05-24 11:28:53] main.DEBUG: Not found attribute for: Cayman Navy Prince of Wales-108RG {"is_exception":false} []
[2018-05-24 11:28:53] main.DEBUG: Not found attribute for: Cayman Navy Prince of Wales-112RG {"is_exception":false} []
[2018-05-24 11:28:53] main.DEBUG: Not found attribute for: Cayman Navy Prince of Wales-116RG {"is_exception":false} []
[2018-05-24 11:28:53] main.DEBUG: Not found attribute for: Manhattan Steel Stripe-92RG {"is_exception":false} []
[2018-05-24 11:28:53] main.DEBUG: Not found attribute for: Manhattan Steel Stripe-96RG {"is_exception":false} []
[2018-05-24 11:28:53] main.DEBUG: Not found attribute for: Manhattan Steel Stripe-100RG {"is_exception":false} []
[2018-05-24 11:28:53] main.DEBUG: Not found attribute for: Manhattan Steel Stripe-104RG {"is_exception":false} []
[2018-05-24 11:28:53] main.DEBUG: Not found attribute for: Manhattan Steel Stripe-108RG {"is_exception":false} []
[2018-05-24 11:28:53] main.DEBUG: Not found attribute for: Manhattan Steel Stripe-112RG {"is_exception":false} []
[2018-05-24 11:28:53] main.DEBUG: Not found attribute for: Manhattan Steel Stripe-116RG {"is_exception":false} []
[2018-05-24 11:28:53] main.DEBUG: Not found attribute for: Cayman Hazel Prince of Wales -92RG {"is_exception":false} []
[2018-05-24 11:28:53] main.DEBUG: Not found attribute for: Cayman Hazel Prince of Wales -96RG {"is_exception":false} []
[2018-05-24 11:28:53] main.DEBUG: Not found attribute for: Cayman Hazel Prince of Wales -100RG {"is_exception":false} []
[2018-05-24 11:28:53] main.DEBUG: Not found attribute for: Cayman Hazel Prince of Wales -104RG {"is_exception":false} []
[2018-05-24 11:28:53] main.DEBUG: Not found attribute for: Cayman Hazel Prince of Wales -108RG {"is_exception":false} []
[2018-05-24 11:28:53] main.DEBUG: Not found attribute for: Cayman Hazel Prince of Wales -112RG {"is_exception":false} []
[2018-05-24 11:28:53] main.DEBUG: Not found attribute for: Cayman Hazel Prince of Wales -116RG {"is_exception":false} []
[2018-05-24 11:28:53] main.DEBUG: Not found attribute for: Navy Prince of Wales-92RG {"is_exception":false} []
[2018-05-24 11:28:53] main.DEBUG: Not found attribute for: Navy Prince of Wales-96RG {"is_exception":false} []
[2018-05-24 11:28:53] main.DEBUG: Not found attribute for: Navy Prince of Wales-100RG {"is_exception":false} []
[2018-05-24 11:28:53] main.DEBUG: Not found attribute for: Navy Prince of Wales-104RG {"is_exception":false} []
[2018-05-24 11:28:53] main.DEBUG: Not found attribute for: Navy Prince of Wales-108RG {"is_exception":false} []
[2018-05-24 11:28:53] main.DEBUG: Not found attribute for: Navy Prince of Wales-112RG {"is_exception":false} []
[2018-05-24 11:28:53] main.DEBUG: Not found attribute for: Navy Prince of Wales-116RG {"is_exception":false} []
[2018-05-24 11:28:53] main.DEBUG: Not found attribute for: Cayman Navy Windowpane-92RG {"is_exception":false} []
[2018-05-24 11:28:53] main.DEBUG: Not found attribute for: Cayman Navy Windowpane-96RG {"is_exception":false} []
[2018-05-24 11:28:53] main.DEBUG: Not found attribute for: Cayman Navy Windowpane-100RG {"is_exception":false} []
[2018-05-24 11:28:53] main.DEBUG: Not found attribute for: Cayman Navy Windowpane-104RG {"is_exception":false} []
[2018-05-24 11:28:53] main.DEBUG: Not found attribute for: Cayman Navy Windowpane-108RG {"is_exception":false} []
[2018-05-24 11:28:53] main.DEBUG: Not found attribute for: Cayman Navy Windowpane-112RG {"is_exception":false} []
[2018-05-24 11:28:53] main.DEBUG: Not found attribute for: Cayman Navy Windowpane-116RG {"is_exception":false} []
[2018-05-24 11:28:53] main.DEBUG: Not found attribute for: Cayman Royal Blue Melange-92RG {"is_exception":false} []
[2018-05-24 11:28:53] main.DEBUG: Not found attribute for: Cayman Royal Blue Melange-96RG {"is_exception":false} []
[2018-05-24 11:28:53] main.DEBUG: Not found attribute for: Cayman Royal Blue Melange-100RG {"is_exception":false} []
[2018-05-24 11:28:53] main.DEBUG: Not found attribute for: Cayman Royal Blue Melange-104RG {"is_exception":false} []
[2018-05-24 11:28:53] main.DEBUG: Not found attribute for: Cayman Royal Blue Melange-108RG {"is_exception":false} []
[2018-05-24 11:28:53] main.DEBUG: Not found attribute for: Cayman Royal Blue Melange-112RG {"is_exception":false} []
[2018-05-24 11:28:53] main.DEBUG: Not found attribute for: Cayman Royal Blue Melange-116RG {"is_exception":false} []
[2018-05-24 11:28:53] main.DEBUG: Not found attribute for: Cayman Stone Prince of Wales-92RG {"is_exception":false} []
[2018-05-24 11:28:53] main.DEBUG: Not found attribute for: Cayman Stone Prince of Wales-96RG {"is_exception":false} []
[2018-05-24 11:28:53] main.DEBUG: Not found attribute for: Cayman Stone Prince of Wales-100RG {"is_exception":false} []
[2018-05-24 11:28:53] main.DEBUG: Not found attribute for: Cayman Stone Prince of Wales-104RG {"is_exception":false} []
[2018-05-24 11:28:53] main.DEBUG: Not found attribute for: Cayman Stone Prince of Wales-108RG {"is_exception":false} []
[2018-05-24 11:28:53] main.DEBUG: Not found attribute for: Cayman Stone Prince of Wales-112RG {"is_exception":false} []
[2018-05-24 11:28:53] main.DEBUG: Not found attribute for: Cayman Stone Prince of Wales-116RG {"is_exception":false} []
[2018-05-24 11:28:53] main.DEBUG: Not found attribute for: Cayman Charcoal Windowpane-92RG {"is_exception":false} []
[2018-05-24 11:28:53] main.DEBUG: Not found attribute for: Cayman Charcoal Windowpane-96RG {"is_exception":false} []
[2018-05-24 11:28:53] main.DEBUG: Not found attribute for: Cayman Charcoal Windowpane-100RG {"is_exception":false} []
[2018-05-24 11:28:53] main.DEBUG: Not found attribute for: Cayman Charcoal Windowpane-104RG {"is_exception":false} []
[2018-05-24 11:28:53] main.DEBUG: Not found attribute for: Cayman Charcoal Windowpane-108RG {"is_exception":false} []
[2018-05-24 11:28:53] main.DEBUG: Not found attribute for: Cayman Charcoal Windowpane-112RG {"is_exception":false} []
[2018-05-24 11:28:53] main.DEBUG: Not found attribute for: Cayman Charcoal Windowpane-116RG {"is_exception":false} []
[2018-05-24 11:28:53] main.DEBUG: Not found attribute for: Manhattan Indigo Windowpane-92RG {"is_exception":false} []
[2018-05-24 11:28:53] main.DEBUG: Not found attribute for: Manhattan Indigo Windowpane-96RG {"is_exception":false} []
[2018-05-24 11:28:53] main.DEBUG: Not found attribute for: Manhattan Indigo Windowpane-100RG {"is_exception":false} []
[2018-05-24 11:28:53] main.DEBUG: Not found attribute for: Manhattan Indigo Windowpane-104RG {"is_exception":false} []
[2018-05-24 11:28:53] main.DEBUG: Not found attribute for: Manhattan Indigo Windowpane-108RG {"is_exception":false} []
[2018-05-24 11:28:53] main.DEBUG: Not found attribute for: Manhattan Indigo Windowpane-112RG {"is_exception":false} []
[2018-05-24 11:28:53] main.DEBUG: Not found attribute for: Manhattan Indigo Windowpane-116RG {"is_exception":false} []
[2018-05-24 11:28:53] main.DEBUG: Not found attribute for: Hendry Cobalt Windowpane-92RG {"is_exception":false} []
[2018-05-24 11:28:53] main.DEBUG: Not found attribute for: Hendry Cobalt Windowpane-96RG {"is_exception":false} []
[2018-05-24 11:28:53] main.DEBUG: Not found attribute for: Hendry Cobalt Windowpane-100RG {"is_exception":false} []
[2018-05-24 11:28:53] main.DEBUG: Not found attribute for: Hendry Cobalt Windowpane-104RG {"is_exception":false} []
[2018-05-24 11:28:53] main.DEBUG: Not found attribute for: Hendry Cobalt Windowpane-112RG {"is_exception":false} []
[2018-05-24 11:28:53] main.DEBUG: Not found attribute for: Hendry Cobalt Windowpane-108RG {"is_exception":false} []
[2018-05-24 11:28:53] main.DEBUG: Not found attribute for: Hendry Cobalt Windowpane-116RG {"is_exception":false} []
[2018-05-24 11:28:53] main.DEBUG: Not found attribute for: Manhattan Stone Glen Check-92RG {"is_exception":false} []
[2018-05-24 11:28:53] main.DEBUG: Not found attribute for: Manhattan Stone Glen Check-96RG {"is_exception":false} []
[2018-05-24 11:28:53] main.DEBUG: Not found attribute for: Manhattan Stone Glen Check-100RG {"is_exception":false} []
[2018-05-24 11:28:53] main.DEBUG: Not found attribute for: Manhattan Stone Glen Check-104RG {"is_exception":false} []
[2018-05-24 11:28:53] main.DEBUG: Not found attribute for: Manhattan Stone Glen Check-108RG {"is_exception":false} []
[2018-05-24 11:28:53] main.DEBUG: Not found attribute for: Manhattan Stone Glen Check-112RG {"is_exception":false} []
[2018-05-24 11:28:53] main.DEBUG: Not found attribute for: Manhattan Stone Glen Check-116RG {"is_exception":false} []
[2018-05-24 11:28:53] main.DEBUG: Not found attribute for: Cayman Navy Nailhead-92RG {"is_exception":false} []
[2018-05-24 11:28:53] main.DEBUG: Not found attribute for: Cayman Navy Nailhead-96RG {"is_exception":false} []
[2018-05-24 11:28:53] main.DEBUG: Not found attribute for: Cayman Navy Nailhead-100RG {"is_exception":false} []
[2018-05-24 11:28:53] main.DEBUG: Not found attribute for: Cayman Navy Nailhead-104RG {"is_exception":false} []
[2018-05-24 11:28:53] main.DEBUG: Not found attribute for: Cayman Navy Nailhead-108RG {"is_exception":false} []
[2018-05-24 11:28:53] main.DEBUG: Not found attribute for: Cayman Navy Nailhead-112RG {"is_exception":false} []
[2018-05-24 11:28:53] main.DEBUG: Not found attribute for: Kingsman Navy Twill {"is_exception":false} []
[2018-05-24 11:28:53] main.DEBUG: Not found attribute for: Navy Serge Pant-80 {"is_exception":false} []
[2018-05-24 11:28:53] main.DEBUG: Not found attribute for: Navy Serge Pant-84 {"is_exception":false} []
[2018-05-24 11:28:53] main.DEBUG: Not found attribute for: Navy Serge Pant-88 {"is_exception":false} []
[2018-05-24 11:28:53] main.DEBUG: Not found attribute for: Navy Serge Pant-92 {"is_exception":false} []
[2018-05-24 11:28:53] main.DEBUG: Not found attribute for: Navy Serge Pant-96 {"is_exception":false} []
[2018-05-24 11:28:53] main.DEBUG: Not found attribute for: Navy Serge Pant-100 {"is_exception":false} []
[2018-05-24 11:28:53] main.DEBUG: Not found attribute for: Dexter Smokey Sharkskin-80 {"is_exception":false} []
[2018-05-24 11:28:53] main.DEBUG: Not found attribute for: Dexter Smokey Sharkskin-84 {"is_exception":false} []
[2018-05-24 11:28:53] main.DEBUG: Not found attribute for: Dexter Smokey Sharkskin-88 {"is_exception":false} []
[2018-05-24 11:28:53] main.DEBUG: Not found attribute for: Dexter Smokey Sharkskin-92 {"is_exception":false} []
[2018-05-24 11:28:53] main.DEBUG: Not found attribute for: Dexter Smokey Sharkskin-96 {"is_exception":false} []
[2018-05-24 11:28:53] main.DEBUG: Not found attribute for: Dexter Smokey Sharkskin-100 {"is_exception":false} []
[2018-05-24 11:28:53] main.DEBUG: Not found attribute for: Dexter Navy Serge -80 {"is_exception":false} []
[2018-05-24 11:28:53] main.DEBUG: Not found attribute for: Dexter Navy Serge -84 {"is_exception":false} []
[2018-05-24 11:28:53] main.DEBUG: Not found attribute for: Dexter Navy Serge -88 {"is_exception":false} []
[2018-05-24 11:28:53] main.DEBUG: Not found attribute for: Dexter Navy Serge -92 {"is_exception":false} []
[2018-05-24 11:28:53] main.DEBUG: Not found attribute for: Dexter Navy Serge -96 {"is_exception":false} []
[2018-05-24 11:28:53] main.DEBUG: Not found attribute for: Dexter Navy Serge -100 {"is_exception":false} []
[2018-05-24 11:28:53] main.DEBUG: Not found attribute for: Dexter Stone Prince of Wales-80 {"is_exception":false} []
[2018-05-24 11:28:53] main.DEBUG: Not found attribute for: Dexter Stone Prince of Wales-84 {"is_exception":false} []
[2018-05-24 11:28:53] main.DEBUG: Not found attribute for: Dexter Stone Prince of Wales-88 {"is_exception":false} []
[2018-05-24 11:28:53] main.DEBUG: Not found attribute for: Dexter Stone Prince of Wales-92 {"is_exception":false} []
[2018-05-24 11:28:53] main.DEBUG: Not found attribute for: Dexter Stone Prince of Wales-96 {"is_exception":false} []
[2018-05-24 11:28:53] main.DEBUG: Not found attribute for: Dexter Stone Prince of Wales-100 {"is_exception":false} []
[2018-05-24 11:28:53] main.DEBUG: Not found attribute for: Dexter Navy Nailhead-80 {"is_exception":false} []
[2018-05-24 11:28:53] main.DEBUG: Not found attribute for: Dexter Navy Nailhead-84 {"is_exception":false} []
[2018-05-24 11:28:53] main.DEBUG: Not found attribute for: Dexter Navy Nailhead-88 {"is_exception":false} []
[2018-05-24 11:28:53] main.DEBUG: Not found attribute for: Dexter Navy Nailhead-92 {"is_exception":false} []
[2018-05-24 11:28:53] main.DEBUG: Not found attribute for: Dexter Navy Nailhead-96 {"is_exception":false} []
[2018-05-24 11:28:53] main.DEBUG: Not found attribute for: Dexter Navy Nailhead-100 {"is_exception":false} []
[2018-05-24 11:28:53] main.DEBUG: Not found attribute for: Dexter Navy Plaid -80 {"is_exception":false} []
[2018-05-24 11:28:53] main.DEBUG: Not found attribute for: Dexter Navy Plaid -84 {"is_exception":false} []
[2018-05-24 11:28:53] main.DEBUG: Not found attribute for: Dexter Navy Plaid -88 {"is_exception":false} []
[2018-05-24 11:28:53] main.DEBUG: Not found attribute for: Dexter Navy Plaid -92 {"is_exception":false} []
[2018-05-24 11:28:53] main.DEBUG: Not found attribute for: Dexter Navy Plaid -96 {"is_exception":false} []
[2018-05-24 11:28:53] main.DEBUG: Not found attribute for: Dexter Navy Plaid -100 {"is_exception":false} []
[2018-05-24 11:28:53] main.DEBUG: Not found attribute for: Dexter Steel Stripe {"is_exception":false} []
[2018-05-24 11:28:53] main.DEBUG: Not found attribute for: Dexter Steel Stripe-80 {"is_exception":false} []
[2018-05-24 11:28:53] main.DEBUG: Not found attribute for: Dexter Steel Stripe-84 {"is_exception":false} []
[2018-05-24 11:28:53] main.DEBUG: Not found attribute for: Dexter Steel Stripe-88 {"is_exception":false} []
[2018-05-24 11:28:53] main.DEBUG: Not found attribute for: Dexter Steel Stripe-92 {"is_exception":false} []
[2018-05-24 11:28:53] main.DEBUG: Not found attribute for: Dexter Steel Stripe-96 {"is_exception":false} []
[2018-05-24 11:28:53] main.DEBUG: Not found attribute for: Dexter Steel Stripe-100 {"is_exception":false} []
[2018-05-24 11:28:53] main.DEBUG: Not found attribute for: Kingsman Navy Twill-92RG {"is_exception":false} []
[2018-05-24 11:28:53] main.DEBUG: Not found attribute for: Kingsman Navy Twill-96RG {"is_exception":false} []
[2018-05-24 11:28:53] main.DEBUG: Not found attribute for: Kingsman Navy Twill-100RG {"is_exception":false} []
[2018-05-24 11:28:53] main.DEBUG: Not found attribute for: Kingsman Navy Twill-104RG {"is_exception":false} []
[2018-05-24 11:28:53] main.DEBUG: Not found attribute for: Kingsman Navy Twill-108RG {"is_exception":false} []
[2018-05-24 11:28:53] main.DEBUG: Not found attribute for: Kingsman Navy Twill-112RG {"is_exception":false} []
[2018-05-24 11:28:53] main.DEBUG: Not found attribute for: Kingsman Navy Twill-92SH {"is_exception":false} []
[2018-05-24 11:28:53] main.DEBUG: Not found attribute for: Kingsman Navy Twill-96SH {"is_exception":false} []
[2018-05-24 11:28:53] main.DEBUG: Not found attribute for: Kingsman Navy Twill-100SH {"is_exception":false} []
[2018-05-24 11:28:53] main.DEBUG: Not found attribute for: Kingsman Navy Twill-104SH {"is_exception":false} []
[2018-05-24 11:28:53] main.DEBUG: Not found attribute for: Kingsman Navy Twill-108SH {"is_exception":false} []
[2018-05-24 11:28:53] main.DEBUG: Not found attribute for: Kingsman Navy Twill-112SH {"is_exception":false} []
[2018-05-24 11:28:53] main.DEBUG: Not found attribute for: Thurman Black Twill {"is_exception":false} []
[2018-05-24 11:28:53] main.DEBUG: Not found attribute for: Madrid Dexter Black Twill  {"is_exception":false} []
[2018-05-24 11:28:53] main.DEBUG: Not found attribute for: Madrid Dexter Black Twill  {"is_exception":false} []
[2018-05-24 11:28:53] main.DEBUG: Not found attribute for: Madrid Dexter Black Twill  {"is_exception":false} []
[2018-05-24 11:28:53] main.DEBUG: Not found attribute for: Madrid Dexter Black Twill  {"is_exception":false} []
[2018-05-24 11:28:53] main.DEBUG: Not found attribute for: Madrid Dexter Black Twill  {"is_exception":false} []
[2018-05-24 11:28:53] main.DEBUG: Not found attribute for: Madrid Dexter Black Twill  {"is_exception":false} []
[2018-05-24 11:28:53] main.DEBUG: Not found attribute for: Madrid Dexter Black Twill  {"is_exception":false} []
[2018-05-24 11:28:53] main.DEBUG: Not found attribute for: Madrid Dexter Black Twill  {"is_exception":false} []
[2018-05-24 11:28:53] main.DEBUG: Not found attribute for: Madrid Dexter Black Twill  {"is_exception":false} []
[2018-05-24 11:28:53] main.DEBUG: Not found attribute for: Madrid Dexter Black Twill  {"is_exception":false} []
[2018-05-24 11:28:53] main.DEBUG: Not found attribute for: Madrid Dexter Black Twill  {"is_exception":false} []
[2018-05-24 11:28:54] main.DEBUG: Not found attribute for: Madrid Dexter Black Twill  {"is_exception":false} []
[2018-05-24 11:28:54] main.DEBUG: Not found attribute for: Madrid Dexter Black Twill  {"is_exception":false} []
[2018-05-24 11:28:54] main.DEBUG: Not found attribute for: Madrid Black End on End {"is_exception":false} []
[2018-05-24 11:28:54] main.DEBUG: Not found attribute for: Madrid Navy Serge {"is_exception":false} []
[2018-05-24 11:28:54] main.DEBUG: Not found attribute for: Bradley Navy Plaid {"is_exception":false} []
[2018-05-24 11:28:54] main.DEBUG: Not found attribute for: Morgan Glen Plaid {"is_exception":false} []
[2018-05-24 11:28:54] main.DEBUG: Not found attribute for: Morgan Indigo Windowpane {"is_exception":false} []
[2018-05-24 11:28:54] main.DEBUG: Not found attribute for: Amies Navy Prince of Wales {"is_exception":false} []
[2018-05-24 11:28:54] main.DEBUG: Not found attribute for: Amies Stone Glen Check {"is_exception":false} []
[2018-05-24 11:28:54] main.DEBUG: Not found attribute for: Amies Hazel Glen Check {"is_exception":false} []
[2018-05-24 11:28:54] main.DEBUG: Not found attribute for: Kingsman Navy Check {"is_exception":false} []
[2018-05-24 11:28:54] main.DEBUG: Not found attribute for: Bradley Navy    Windowpane {"is_exception":false} []
[2018-05-24 11:28:54] main.DEBUG: Not found attribute for: Amies Stone Check {"is_exception":false} []
[2018-05-24 11:28:54] main.DEBUG: Not found attribute for: Morgan Royal Blue Melange {"is_exception":false} []
[2018-05-24 11:28:54] main.DEBUG: Not found attribute for: Bradley Navy Nailhead {"is_exception":false} []
[2018-05-24 11:28:54] main.DEBUG: Not found attribute for: Morgan Charcoal Check {"is_exception":false} []
[2018-05-24 11:28:54] main.DEBUG: Not found attribute for: Madrid Dexter-88RG {"is_exception":false} []
[2018-05-24 11:28:54] main.DEBUG: Not found attribute for: Madrid Dexter-92RG {"is_exception":false} []
[2018-05-24 11:28:54] main.DEBUG: Not found attribute for: Madrid Dexter-96RG {"is_exception":false} []
[2018-05-24 11:28:54] main.DEBUG: Not found attribute for: Madrid Dexter-100RG {"is_exception":false} []
[2018-05-24 11:28:54] main.DEBUG: Not found attribute for: Madrid Dexter-104RG {"is_exception":false} []
[2018-05-24 11:28:54] main.DEBUG: Not found attribute for: Madrid Dexter-108RG {"is_exception":false} []
[2018-05-24 11:28:54] main.DEBUG: Not found attribute for: Madrid Dexter-112RG {"is_exception":false} []
[2018-05-24 11:28:54] main.DEBUG: Not found attribute for: Madrid Dexter-116RG {"is_exception":false} []
[2018-05-24 11:28:54] main.DEBUG: Not found attribute for: Madrid Dexter-120RG {"is_exception":false} []
[2018-05-24 11:28:54] main.DEBUG: Not found attribute for: Madrid Dexter-124RG {"is_exception":false} []
[2018-05-24 11:28:54] main.DEBUG: Not found attribute for: Madrid Dexter-88SH {"is_exception":false} []
[2018-05-24 11:28:54] main.DEBUG: Not found attribute for: Madrid Dexter-92SH {"is_exception":false} []
[2018-05-24 11:28:54] main.DEBUG: Not found attribute for: Madrid Dexter-96SH {"is_exception":false} []
[2018-05-24 11:28:54] main.DEBUG: Not found attribute for: Madrid Dexter-100SH {"is_exception":false} []
[2018-05-24 11:28:54] main.DEBUG: Not found attribute for: Madrid Dexter-104SH {"is_exception":false} []
[2018-05-24 11:28:54] main.DEBUG: Not found attribute for: Madrid Dexter-108SH {"is_exception":false} []
[2018-05-24 11:28:54] main.DEBUG: Not found attribute for: Madrid Dexter-112SH {"is_exception":false} []
[2018-05-24 11:28:54] main.DEBUG: Not found attribute for: Madrid Dexter-96LG {"is_exception":false} []
[2018-05-24 11:28:54] main.DEBUG: Not found attribute for: Madrid Dexter-100LG {"is_exception":false} []
[2018-05-24 11:28:54] main.DEBUG: Not found attribute for: Madrid Dexter-104LG {"is_exception":false} []
[2018-05-24 11:28:54] main.DEBUG: Not found attribute for: Madrid Dexter-108LG {"is_exception":false} []
[2018-05-24 11:28:54] main.DEBUG: Not found attribute for: Madrid Dexter-112LG {"is_exception":false} []
[2018-05-24 11:28:54] main.DEBUG: Not found attribute for: Madrid Dexter-116LG {"is_exception":false} []
[2018-05-24 11:28:54] main.DEBUG: Not found attribute for: Madrid Black End on End-88RG {"is_exception":false} []
[2018-05-24 11:28:54] main.DEBUG: Not found attribute for: Madrid Black End on End-92RG {"is_exception":false} []
[2018-05-24 11:28:54] main.DEBUG: Not found attribute for: Madrid Black End on End-96RG {"is_exception":false} []
[2018-05-24 11:28:54] main.DEBUG: Not found attribute for: Madrid Black End on End-100RG {"is_exception":false} []
[2018-05-24 11:28:54] main.DEBUG: Not found attribute for: Madrid Black End on End-104RG {"is_exception":false} []
[2018-05-24 11:28:54] main.DEBUG: Not found attribute for: Madrid Black End on End-108RG {"is_exception":false} []
[2018-05-24 11:28:54] main.DEBUG: Not found attribute for: Madrid Black End on End-112RG {"is_exception":false} []
[2018-05-24 11:28:54] main.DEBUG: Not found attribute for: Madrid Black End on End-116RG {"is_exception":false} []
[2018-05-24 11:28:54] main.DEBUG: Not found attribute for: Madrid Black End on End-120RG {"is_exception":false} []
[2018-05-24 11:28:54] main.DEBUG: Not found attribute for: Madrid Black End on End-124RG {"is_exception":false} []
[2018-05-24 11:28:54] main.DEBUG: Not found attribute for: Madrid Black End on End-88SH {"is_exception":false} []
[2018-05-24 11:28:54] main.DEBUG: Not found attribute for: Madrid Black End on End-92SH {"is_exception":false} []
[2018-05-24 11:28:54] main.DEBUG: Not found attribute for: Madrid Black End on End-96SH {"is_exception":false} []
[2018-05-24 11:28:54] main.DEBUG: Not found attribute for: Madrid Black End on End-100SH {"is_exception":false} []
[2018-05-24 11:28:54] main.DEBUG: Not found attribute for: Madrid Black End on End-104SH {"is_exception":false} []
[2018-05-24 11:28:54] main.DEBUG: Not found attribute for: Madrid Black End on End-108SH {"is_exception":false} []
[2018-05-24 11:28:54] main.DEBUG: Not found attribute for: Madrid Black End on End-112SH {"is_exception":false} []
[2018-05-24 11:28:54] main.DEBUG: Not found attribute for: Madrid Black End on End-96LG {"is_exception":false} []
[2018-05-24 11:28:54] main.DEBUG: Not found attribute for: Madrid Black End on End-100LG {"is_exception":false} []
[2018-05-24 11:28:54] main.DEBUG: Not found attribute for: Madrid Black End on End-104LG {"is_exception":false} []
[2018-05-24 11:28:54] main.DEBUG: Not found attribute for: Madrid Black End on End-108LG {"is_exception":false} []
[2018-05-24 11:28:54] main.DEBUG: Not found attribute for: Madrid Black End on End-112LG {"is_exception":false} []
[2018-05-24 11:28:54] main.DEBUG: Not found attribute for: Madrid Black End on End-116LG {"is_exception":false} []
[2018-05-24 11:28:54] main.DEBUG: Not found attribute for: Perry Black V Neck Jumper {"is_exception":false} []
[2018-05-24 11:28:54] main.DEBUG: Not found attribute for: Perry Black V Neck Jumper-S {"is_exception":false} []
[2018-05-24 11:28:54] main.DEBUG: Not found attribute for: Perry Black V Neck Jumper-M {"is_exception":false} []
[2018-05-24 11:28:54] main.DEBUG: Not found attribute for: Perry Black V Neck Jumper-L {"is_exception":false} []
[2018-05-24 11:28:54] main.DEBUG: Not found attribute for: Perry Black V Neck Jumper-XL {"is_exception":false} []
[2018-05-24 11:28:54] main.DEBUG: Not found attribute for: Perry Black V Neck Jumper-XXL {"is_exception":false} []
[2018-05-24 11:28:54] main.DEBUG: Not found attribute for: Perry Mocha V Neck Jumper {"is_exception":false} []
[2018-05-24 11:28:54] main.DEBUG: Not found attribute for: Perry Mocha V Neck Jumper-S {"is_exception":false} []
[2018-05-24 11:28:54] main.DEBUG: Not found attribute for: Perry Mocha V Neck Jumper-M {"is_exception":false} []
[2018-05-24 11:28:54] main.DEBUG: Not found attribute for: Perry Mocha V Neck Jumper-L {"is_exception":false} []
[2018-05-24 11:28:54] main.DEBUG: Not found attribute for: Perry Mocha V Neck Jumper-XL {"is_exception":false} []
[2018-05-24 11:28:54] main.DEBUG: Not found attribute for: Perry Mocha V Neck Jumper-XXL {"is_exception":false} []
[2018-05-24 11:28:54] main.DEBUG: Not found attribute for: Perry Navy V Neck Jumper {"is_exception":false} []
[2018-05-24 11:28:54] main.DEBUG: Not found attribute for: Perry Navy V Neck Jumper-S {"is_exception":false} []
[2018-05-24 11:28:54] main.DEBUG: Not found attribute for: Perry Navy V Neck Jumper-M {"is_exception":false} []
[2018-05-24 11:28:54] main.DEBUG: Not found attribute for: Perry Navy V Neck Jumper-L {"is_exception":false} []
[2018-05-24 11:28:54] main.DEBUG: Not found attribute for: Perry Navy V Neck Jumper-XL {"is_exception":false} []
[2018-05-24 11:28:54] main.DEBUG: Not found attribute for: Perry Navy V Neck Jumper-XXL {"is_exception":false} []
[2018-05-24 11:28:54] main.DEBUG: Not found attribute for: Perry Orange V Neck Jumper {"is_exception":false} []
[2018-05-24 11:28:54] main.DEBUG: Not found attribute for: Perry Orange V Neck Jumper-S {"is_exception":false} []
[2018-05-24 11:28:54] main.DEBUG: Not found attribute for: Perry Orange V Neck Jumper-M {"is_exception":false} []
[2018-05-24 11:28:54] main.DEBUG: Not found attribute for: Perry Orange V Neck Jumper-L {"is_exception":false} []
[2018-05-24 11:28:54] main.DEBUG: Not found attribute for: Perry Orange V Neck Jumper-XL {"is_exception":false} []
[2018-05-24 11:28:54] main.DEBUG: Not found attribute for: Perry Orange V Neck Jumper-XXL {"is_exception":false} []
[2018-05-24 11:28:54] main.DEBUG: Not found attribute for: Tarantino Navy Twill-104 {"is_exception":false} []
[2018-05-24 11:28:54] main.DEBUG: Not found attribute for: Dexter Navy Serge -104 {"is_exception":false} []
[2018-05-24 11:28:54] main.DEBUG: Not found attribute for: Dexter Navy Serge -108 {"is_exception":false} []
[2018-05-24 11:28:54] main.DEBUG: Not found attribute for: Dexter Navy Serge -112 {"is_exception":false} []
[2018-05-24 11:28:54] main.DEBUG: Not found attribute for: Dexter Smokey Sharkskin-104 {"is_exception":false} []
[2018-05-24 11:28:54] main.DEBUG: Not found attribute for: Dexter Smokey Sharkskin-108 {"is_exception":false} []
[2018-05-24 11:28:54] main.DEBUG: Not found attribute for: Dexter Smokey Sharkskin-112 {"is_exception":false} []
[2018-05-24 11:28:54] main.DEBUG: Not found attribute for: Dexter Navy Plaid -104 {"is_exception":false} []
[2018-05-24 11:28:54] main.DEBUG: Not found attribute for: Dexter Navy Plaid -108 {"is_exception":false} []
[2018-05-24 11:28:54] main.DEBUG: Not found attribute for: Dexter Navy Plaid -112 {"is_exception":false} []
[2018-05-24 11:28:54] main.DEBUG: Not found attribute for: Dexter Stone Prince of Wales-104 {"is_exception":false} []
[2018-05-24 11:28:54] main.DEBUG: Not found attribute for: Dexter Stone Prince of Wales-108 {"is_exception":false} []
[2018-05-24 11:28:54] main.DEBUG: Not found attribute for: Dexter Navy Nailhead-104 {"is_exception":false} []
[2018-05-24 11:28:54] main.DEBUG: Not found attribute for: Dexter Navy Nailhead-108 {"is_exception":false} []
[2018-05-24 11:28:54] main.DEBUG: Not found attribute for: DFO Tarantino Pant F3614 - 92 {"is_exception":false} []
[2018-05-24 11:28:54] main.DEBUG: Not found attribute for: Broadcloth {"is_exception":false} []
[2018-05-24 11:28:54] main.DEBUG: Not found attribute for: Broadcloth-37 {"is_exception":false} []
[2018-05-24 11:28:54] main.DEBUG: Not found attribute for: Broadcloth-38 {"is_exception":false} []
[2018-05-24 11:28:54] main.DEBUG: Not found attribute for: Broadcloth-39 {"is_exception":false} []
[2018-05-24 11:28:54] main.DEBUG: Not found attribute for: Broadcloth-40 {"is_exception":false} []
[2018-05-24 11:28:54] main.DEBUG: Not found attribute for: Broadcloth-41 {"is_exception":false} []
[2018-05-24 11:28:55] main.DEBUG: Not found attribute for: Broadcloth-42 {"is_exception":false} []
[2018-05-24 11:28:55] main.DEBUG: Not found attribute for: Broadcloth-43 {"is_exception":false} []
[2018-05-24 11:28:55] main.DEBUG: Not found attribute for: Broadcloth-44 {"is_exception":false} []
[2018-05-24 11:28:55] main.DEBUG: Not found attribute for: Broadcloth-46 {"is_exception":false} []
[2018-05-24 11:28:55] main.DEBUG: Not found attribute for: Green Waffle Print  {"is_exception":false} []
[2018-05-24 11:28:55] main.DEBUG: Not found attribute for: Green Waffle Print -37 {"is_exception":false} []
[2018-05-24 11:28:55] main.DEBUG: Not found attribute for: Green Waffle Print -38 {"is_exception":false} []
[2018-05-24 11:28:55] main.DEBUG: Not found attribute for: Green Waffle Print -39 {"is_exception":false} []
[2018-05-24 11:28:55] main.DEBUG: Not found attribute for: Green Waffle Print -40 {"is_exception":false} []
[2018-05-24 11:28:55] main.DEBUG: Not found attribute for: Green Waffle Print -41 {"is_exception":false} []
[2018-05-24 11:28:55] main.DEBUG: Not found attribute for: Green Waffle Print -42 {"is_exception":false} []
[2018-05-24 11:28:55] main.DEBUG: Not found attribute for: Green Waffle Print -43 {"is_exception":false} []
[2018-05-24 11:28:55] main.DEBUG: Not found attribute for: Green Waffle Print -44 {"is_exception":false} []
[2018-05-24 11:28:55] main.DEBUG: Not found attribute for: Green Waffle Print -46 {"is_exception":false} []
[2018-05-24 11:28:55] main.DEBUG: Not found attribute for: Tangerine Waffle Print {"is_exception":false} []
[2018-05-24 11:28:55] main.DEBUG: Not found attribute for: Tangerine Waffle Print-37 {"is_exception":false} []
[2018-05-24 11:28:55] main.DEBUG: Not found attribute for: Tangerine Waffle Print-38 {"is_exception":false} []
[2018-05-24 11:28:55] main.DEBUG: Not found attribute for: Tangerine Waffle Print-39 {"is_exception":false} []
[2018-05-24 11:28:55] main.DEBUG: Not found attribute for: Tangerine Waffle Print-40 {"is_exception":false} []
[2018-05-24 11:28:55] main.DEBUG: Not found attribute for: Tangerine Waffle Print-41 {"is_exception":false} []
[2018-05-24 11:28:55] main.DEBUG: Not found attribute for: Tangerine Waffle Print-42 {"is_exception":false} []
[2018-05-24 11:28:55] main.DEBUG: Not found attribute for: Tangerine Waffle Print-43 {"is_exception":false} []
[2018-05-24 11:28:55] main.DEBUG: Not found attribute for: Tangerine Waffle Print-44 {"is_exception":false} []
[2018-05-24 11:28:55] main.DEBUG: Not found attribute for: Tangerine Waffle Print-46 {"is_exception":false} []
[2018-05-24 11:28:55] main.DEBUG: Not found attribute for: Black Patent Oxford-6 {"is_exception":false} []
[2018-05-24 11:28:55] main.DEBUG: Not found attribute for: Black Patent Oxford-7 {"is_exception":false} []
[2018-05-24 11:28:55] main.DEBUG: Not found attribute for: Black Patent Oxford-8 {"is_exception":false} []
[2018-05-24 11:28:55] main.DEBUG: Not found attribute for: Black Patent Oxford-9 {"is_exception":false} []
[2018-05-24 11:28:55] main.DEBUG: Not found attribute for: Black Patent Oxford-10 {"is_exception":false} []
[2018-05-24 11:28:55] main.DEBUG: Not found attribute for: Black Patent Oxford-11 {"is_exception":false} []
[2018-05-24 11:28:55] main.DEBUG: Not found attribute for: Black Patent Oxford-12 {"is_exception":false} []
[2018-05-24 11:28:55] main.DEBUG: Not found attribute for: Madrid Charcoal Grey-88RG {"is_exception":false} []
[2018-05-24 11:28:55] main.DEBUG: Not found attribute for: Madrid Charcoal Grey-92RG {"is_exception":false} []
[2018-05-24 11:28:55] main.DEBUG: Not found attribute for: Madrid Charcoal Grey-96RG {"is_exception":false} []
[2018-05-24 11:28:55] main.DEBUG: Not found attribute for: Madrid Charcoal Grey-100RG {"is_exception":false} []
[2018-05-24 11:28:55] main.DEBUG: Not found attribute for: Madrid Charcoal Grey-104RG {"is_exception":false} []
[2018-05-24 11:28:55] main.DEBUG: Not found attribute for: Madrid Charcoal Grey-108RG {"is_exception":false} []
[2018-05-24 11:28:55] main.DEBUG: Not found attribute for: Madrid Charcoal Grey-112RG {"is_exception":false} []
[2018-05-24 11:28:55] main.DEBUG: Not found attribute for: Madrid Charcoal Grey-116RG {"is_exception":false} []
[2018-05-24 11:28:55] main.DEBUG: Not found attribute for: Madrid Charcoal Grey-120RG {"is_exception":false} []
[2018-05-24 11:28:55] main.DEBUG: Not found attribute for: Madrid Charcoal Grey-88SH {"is_exception":false} []
[2018-05-24 11:28:55] main.DEBUG: Not found attribute for: Madrid Charcoal Grey-92SH {"is_exception":false} []
[2018-05-24 11:28:55] main.DEBUG: Not found attribute for: Madrid Charcoal Grey-96SH {"is_exception":false} []
[2018-05-24 11:28:55] main.DEBUG: Not found attribute for: Madrid Charcoal Grey-100SH {"is_exception":false} []
[2018-05-24 11:28:55] main.DEBUG: Not found attribute for: Madrid Charcoal Grey-104SH {"is_exception":false} []
[2018-05-24 11:28:55] main.DEBUG: Not found attribute for: Madrid Charcoal Grey-108SH {"is_exception":false} []
[2018-05-24 11:28:55] main.DEBUG: Not found attribute for: Madrid Charcoal Grey-112SH {"is_exception":false} []
[2018-05-24 11:28:55] main.DEBUG: Not found attribute for: Madrid Charcoal Grey-96LG {"is_exception":false} []
[2018-05-24 11:28:55] main.DEBUG: Not found attribute for: Madrid Charcoal Grey-100LG {"is_exception":false} []
[2018-05-24 11:28:55] main.DEBUG: Not found attribute for: Madrid Charcoal Grey-104LG {"is_exception":false} []
[2018-05-24 11:28:55] main.DEBUG: Not found attribute for: Madrid Charcoal Grey-108LG {"is_exception":false} []
[2018-05-24 11:28:55] main.DEBUG: Not found attribute for: Madrid Charcoal Grey-112LG {"is_exception":false} []
[2018-05-24 11:28:55] main.DEBUG: Not found attribute for: Madrid Charcoal Grey-116LG {"is_exception":false} []
[2018-05-24 11:28:55] main.DEBUG: Not found attribute for: Chanel 7 - Alterations  {"is_exception":false} []
[2018-05-24 11:28:55] main.DEBUG: Not found attribute for: Dexter Black Twill-76 {"is_exception":false} []
[2018-05-24 11:28:55] main.DEBUG: Not found attribute for: Dexter Black Twill-80 {"is_exception":false} []
[2018-05-24 11:28:55] main.DEBUG: Not found attribute for: Dexter Black Twill-84 {"is_exception":false} []
[2018-05-24 11:28:55] main.DEBUG: Not found attribute for: Dexter Black Twill-88 {"is_exception":false} []
[2018-05-24 11:28:55] main.DEBUG: Not found attribute for: Dexter Black Twill-92 {"is_exception":false} []
[2018-05-24 11:28:55] main.DEBUG: Not found attribute for: Dexter Black Twill-96 {"is_exception":false} []
[2018-05-24 11:28:55] main.DEBUG: Not found attribute for: Dexter Black Twill-100 {"is_exception":false} []
[2018-05-24 11:28:55] main.DEBUG: Not found attribute for: Dexter Black Twill-104 {"is_exception":false} []
[2018-05-24 11:28:55] main.DEBUG: Not found attribute for: Dexter Black Twill-108 {"is_exception":false} []
[2018-05-24 11:28:55] main.DEBUG: Not found attribute for: Indigo Small Paisley  {"is_exception":false} []
[2018-05-24 11:28:55] main.DEBUG: Not found attribute for: Burgundy Small Paisley  {"is_exception":false} []
[2018-05-24 11:28:55] main.DEBUG: Not found attribute for: WT18-R01-88RG {"is_exception":false} []
[2018-05-24 11:28:55] main.DEBUG: Not found attribute for: WT18-R01-116RG {"is_exception":false} []
[2018-05-24 11:28:55] main.DEBUG: Not found attribute for: WT18-R01-124RG {"is_exception":false} []
[2018-05-24 11:28:55] main.DEBUG: Not found attribute for: WT18-R01-88SH {"is_exception":false} []
[2018-05-24 11:28:55] main.DEBUG: Not found attribute for: WT18-R01-92SH {"is_exception":false} []
[2018-05-24 11:28:55] main.DEBUG: Not found attribute for: WT18-R01-96LG {"is_exception":false} []
[2018-05-24 11:28:55] main.DEBUG: Not found attribute for: WT18-R01-100LG {"is_exception":false} []
[2018-05-24 11:28:55] main.DEBUG: Not found attribute for: WT18-R01-104LG {"is_exception":false} []
[2018-05-24 11:28:55] main.DEBUG: Not found attribute for: WT18-R01-108LG {"is_exception":false} []
[2018-05-24 11:28:55] main.DEBUG: Not found attribute for: WT18-R01-112LG {"is_exception":false} []
[2018-05-24 11:28:55] main.DEBUG: Not found attribute for: WT18-R01-116LG {"is_exception":false} []
[2018-05-24 11:28:55] main.DEBUG: Not found attribute for: SSR16-92RG {"is_exception":false} []
[2018-05-24 11:28:55] main.DEBUG: Not found attribute for: SSR16-96RG {"is_exception":false} []
[2018-05-24 11:28:55] main.DEBUG: Not found attribute for: SSR16-100RG {"is_exception":false} []
[2018-05-24 11:28:55] main.DEBUG: Not found attribute for: SSR16-104RG {"is_exception":false} []
[2018-05-24 11:28:55] main.DEBUG: Not found attribute for: SSR16-108RG {"is_exception":false} []
[2018-05-24 11:28:55] main.DEBUG: Not found attribute for: SSR16-112RG {"is_exception":false} []
[2018-05-24 11:28:55] main.DEBUG: Not found attribute for: SSR16-116RG {"is_exception":false} []
[2018-05-24 11:28:55] main.DEBUG: Not found attribute for: SSR16-96SH {"is_exception":false} []
[2018-05-24 11:28:55] main.DEBUG: Not found attribute for: SSR16-100SH {"is_exception":false} []
[2018-05-24 11:28:55] main.DEBUG: Not found attribute for: SSR16-104SH {"is_exception":false} []
[2018-05-24 11:28:55] main.DEBUG: Not found attribute for: SSR16-108SH {"is_exception":false} []
[2018-05-24 11:28:55] main.DEBUG: Not found attribute for: SSR16-112SH {"is_exception":false} []
[2018-05-24 11:28:55] main.DEBUG: Not found attribute for: SU18-RV06-100RG {"is_exception":false} []
[2018-05-24 11:28:55] main.DEBUG: Not found attribute for: SU18-RV06-104RG {"is_exception":false} []
[2018-05-24 11:28:55] main.DEBUG: Not found attribute for: SU18-RV06-108RG {"is_exception":false} []
[2018-05-24 11:28:55] main.DEBUG: Not found attribute for: SU18-RV06-112RG {"is_exception":false} []
[2018-05-24 11:28:55] main.DEBUG: Not found attribute for: WT18-RV06-112RG {"is_exception":false} []
[2018-05-24 11:28:56] main.DEBUG: Not found attribute for: SSR06-92SH {"is_exception":false} []
[2018-05-24 11:28:56] main.DEBUG: Not found attribute for: Madrid Dexter Black Twill  {"is_exception":false} []
[2018-05-24 11:28:56] main.DEBUG: Not found attribute for: Madrid Dexter Black Twill  {"is_exception":false} []
[2018-05-24 11:28:56] main.DEBUG: Not found attribute for: Madrid Dexter Black Twill  {"is_exception":false} []
[2018-05-24 11:28:56] main.DEBUG: Not found attribute for: Madrid Dexter Black Twill  {"is_exception":false} []
[2018-05-24 11:28:56] main.DEBUG: Not found attribute for: Madrid Dexter Black Twill  {"is_exception":false} []
[2018-05-24 11:28:56] main.DEBUG: Not found attribute for: Madrid Dexter Black Twill  {"is_exception":false} []
[2018-05-24 11:28:56] main.DEBUG: Not found attribute for: Madrid Dexter Black Twill  {"is_exception":false} []
[2018-05-24 11:28:56] main.DEBUG: Not found attribute for: W18DH260-11-96RG {"is_exception":false} []
[2018-05-24 11:28:56] main.DEBUG: Not found attribute for: W18DH260-11-100RG {"is_exception":false} []
[2018-05-24 11:28:56] main.DEBUG: Not found attribute for: W18DH260-11-104RG {"is_exception":false} []
[2018-05-24 11:28:56] main.DEBUG: Not found attribute for: W18DH260-11-108RG {"is_exception":false} []
[2018-05-24 11:28:56] main.DEBUG: Not found attribute for: WT18-SC01-S {"is_exception":false} []
[2018-05-24 11:28:56] main.DEBUG: Not found attribute for: WT18-SC01-M {"is_exception":false} []
[2018-05-24 11:28:56] main.DEBUG: Not found attribute for: WT18-SC01-L {"is_exception":false} []
[2018-05-24 11:28:56] main.DEBUG: Not found attribute for: WT18-SC01-XL {"is_exception":false} []
[2018-05-24 11:29:00] main.DEBUG: Not found attribute for: WT17-SC02-S {"is_exception":false} []
[2018-05-24 11:29:00] main.DEBUG: Not found attribute for: WT17-SC02-M {"is_exception":false} []
[2018-05-24 11:29:00] main.DEBUG: Not found attribute for: WT17-SC02-L {"is_exception":false} []
[2018-05-24 11:29:00] main.DEBUG: Not found attribute for: WT17-SC02-XL {"is_exception":false} []
[2018-05-24 11:29:00] main.DEBUG: Quantity of not founded attribute sets: 867 {"is_exception":false} []
[2018-05-24 11:29:00] main.DEBUG: Quantity of not founded attribute sets: 867 {"is_exception":false} []
[2018-05-24 11:29:00] main.DEBUG: Quantity of products: 4043 {"is_exception":false} []
